2019-11-13 11:44:54,380 p=22563 u=holms |  ansible-playbook 2.8.6
  config file = /home/holms/projects/ansible-edu/ansible.cfg
  configured module search path = ['/home/holms/.ansible/plugins/modules', '/usr/share/ansible/plugins/modules']
  ansible python module location = /usr/lib/python3.6/site-packages/ansible
  executable location = /usr/bin/ansible-playbook
  python version = 3.6.8 (default, Oct 11 2019, 15:04:54) [GCC 8.3.1 20190507 (Red Hat 8.3.1-4)]
2019-11-13 11:44:54,380 p=22563 u=holms |  Using /home/holms/projects/ansible-edu/ansible.cfg as config file
2019-11-13 11:44:54,732 p=22563 u=holms |  PLAYBOOK: 01-add-authkey.yml ****************************************************************************
2019-11-13 11:44:54,733 p=22563 u=holms |  1 plays in 01-add-authkey.yml
2019-11-13 11:44:54,756 p=22563 u=holms |  PLAY [nodes] ********************************************************************************************
2019-11-13 11:44:54,765 p=22563 u=holms |  TASK [Gathering Facts] **********************************************************************************
2019-11-13 11:44:54,766 p=22563 u=holms |  task path: /home/holms/projects/ansible-edu/01-add-authkey.yml:2
2019-11-13 11:44:57,550 p=22563 u=holms |  ok: [an-fed]
2019-11-13 11:44:57,822 p=22563 u=holms |  ok: [an-ubnt]
2019-11-13 11:44:58,190 p=22563 u=holms |  ok: [an-lb]
2019-11-13 11:44:58,236 p=22563 u=holms |  ok: [an-cent]
2019-11-13 11:44:58,618 p=22563 u=holms |  ok: [an-suse]
2019-11-13 11:44:59,208 p=22563 u=holms |  ok: [an-deb]
2019-11-13 11:44:59,209 p=22563 u=holms |  META: ran handlers
2019-11-13 11:44:59,225 p=22563 u=holms |  TASK [Set authorized key for user holms copying it from current user] ***********************************
2019-11-13 11:44:59,226 p=22563 u=holms |  task path: /home/holms/projects/ansible-edu/01-add-authkey.yml:4
2019-11-13 11:45:00,542 p=22563 u=holms |  ok: [an-ubnt] => {"changed": false, "comment": null, "exclusive": false, "follow": false, "key": "ssh-rsa AAAAB3NzaC1yc2EAAAADAQABAAABgQCxoVjy+WWuZyyr4HUaFI6/MppeuLjAHmEOmnffRKR3rALwWMovJdPMCRycYO/iZMxP2ByxwLQTRSm3wyP+Y9HLv/cxh3RWiSoXdhlihbHMPBca28zZBwzBvVYmghIQRxTqwqqurwzJ1xDW8JRxSpoUoeWncjBdjMZPz5XyzDh7qsuWcx/heELkGGCRw6qA2LFJXfUTQLxOSZiTBNEY6Pcal0ITor+nKvJteaHsaMaBTa45z16f/wtD+0YuTQ6dqgz1Sq90IEekQi9h3AFTCKsCEKheE4hiUzy4dOx2IWseZ/cM9Swyj9PdmBppU4rXQkI0KrROfk7lFgNi19FHkO8cKUBUcXv5U8zm64qwZ8fsJlvCWYXtoEk/7rmK8A4MF01NioPpFQdsit8p/2Exe6tv8Mf4dwuJ9KpAZNTYRh8r5z0Y9iwD5pYwPGh32l3Fbo+saZ82WXp6gVUDXHpBwzXqiGG8buKpI72OhbizoZnP8GNrcGcmLwaYyphGnT2ug4E= holms@Ops.dev.lan", "key_options": null, "keyfile": "/home/holms/.ssh/authorized_keys", "manage_dir": true, "path": null, "state": "present", "user": "holms", "validate_certs": true}
2019-11-13 11:45:00,856 p=22563 u=holms |  ok: [an-fed] => {"changed": false, "comment": null, "exclusive": false, "follow": false, "key": "ssh-rsa AAAAB3NzaC1yc2EAAAADAQABAAABgQCxoVjy+WWuZyyr4HUaFI6/MppeuLjAHmEOmnffRKR3rALwWMovJdPMCRycYO/iZMxP2ByxwLQTRSm3wyP+Y9HLv/cxh3RWiSoXdhlihbHMPBca28zZBwzBvVYmghIQRxTqwqqurwzJ1xDW8JRxSpoUoeWncjBdjMZPz5XyzDh7qsuWcx/heELkGGCRw6qA2LFJXfUTQLxOSZiTBNEY6Pcal0ITor+nKvJteaHsaMaBTa45z16f/wtD+0YuTQ6dqgz1Sq90IEekQi9h3AFTCKsCEKheE4hiUzy4dOx2IWseZ/cM9Swyj9PdmBppU4rXQkI0KrROfk7lFgNi19FHkO8cKUBUcXv5U8zm64qwZ8fsJlvCWYXtoEk/7rmK8A4MF01NioPpFQdsit8p/2Exe6tv8Mf4dwuJ9KpAZNTYRh8r5z0Y9iwD5pYwPGh32l3Fbo+saZ82WXp6gVUDXHpBwzXqiGG8buKpI72OhbizoZnP8GNrcGcmLwaYyphGnT2ug4E= holms@Ops.dev.lan", "key_options": null, "keyfile": "/home/holms/.ssh/authorized_keys", "manage_dir": true, "path": null, "state": "present", "user": "holms", "validate_certs": true}
2019-11-13 11:45:01,111 p=22563 u=holms |  ok: [an-deb] => {"changed": false, "comment": null, "exclusive": false, "follow": false, "key": "ssh-rsa AAAAB3NzaC1yc2EAAAADAQABAAABgQCxoVjy+WWuZyyr4HUaFI6/MppeuLjAHmEOmnffRKR3rALwWMovJdPMCRycYO/iZMxP2ByxwLQTRSm3wyP+Y9HLv/cxh3RWiSoXdhlihbHMPBca28zZBwzBvVYmghIQRxTqwqqurwzJ1xDW8JRxSpoUoeWncjBdjMZPz5XyzDh7qsuWcx/heELkGGCRw6qA2LFJXfUTQLxOSZiTBNEY6Pcal0ITor+nKvJteaHsaMaBTa45z16f/wtD+0YuTQ6dqgz1Sq90IEekQi9h3AFTCKsCEKheE4hiUzy4dOx2IWseZ/cM9Swyj9PdmBppU4rXQkI0KrROfk7lFgNi19FHkO8cKUBUcXv5U8zm64qwZ8fsJlvCWYXtoEk/7rmK8A4MF01NioPpFQdsit8p/2Exe6tv8Mf4dwuJ9KpAZNTYRh8r5z0Y9iwD5pYwPGh32l3Fbo+saZ82WXp6gVUDXHpBwzXqiGG8buKpI72OhbizoZnP8GNrcGcmLwaYyphGnT2ug4E= holms@Ops.dev.lan", "key_options": null, "keyfile": "/home/holms/.ssh/authorized_keys", "manage_dir": true, "path": null, "state": "present", "user": "holms", "validate_certs": true}
2019-11-13 11:45:01,185 p=22563 u=holms |  ok: [an-cent] => {"changed": false, "comment": null, "exclusive": false, "follow": false, "key": "ssh-rsa AAAAB3NzaC1yc2EAAAADAQABAAABgQCxoVjy+WWuZyyr4HUaFI6/MppeuLjAHmEOmnffRKR3rALwWMovJdPMCRycYO/iZMxP2ByxwLQTRSm3wyP+Y9HLv/cxh3RWiSoXdhlihbHMPBca28zZBwzBvVYmghIQRxTqwqqurwzJ1xDW8JRxSpoUoeWncjBdjMZPz5XyzDh7qsuWcx/heELkGGCRw6qA2LFJXfUTQLxOSZiTBNEY6Pcal0ITor+nKvJteaHsaMaBTa45z16f/wtD+0YuTQ6dqgz1Sq90IEekQi9h3AFTCKsCEKheE4hiUzy4dOx2IWseZ/cM9Swyj9PdmBppU4rXQkI0KrROfk7lFgNi19FHkO8cKUBUcXv5U8zm64qwZ8fsJlvCWYXtoEk/7rmK8A4MF01NioPpFQdsit8p/2Exe6tv8Mf4dwuJ9KpAZNTYRh8r5z0Y9iwD5pYwPGh32l3Fbo+saZ82WXp6gVUDXHpBwzXqiGG8buKpI72OhbizoZnP8GNrcGcmLwaYyphGnT2ug4E= holms@Ops.dev.lan", "key_options": null, "keyfile": "/home/holms/.ssh/authorized_keys", "manage_dir": true, "path": null, "state": "present", "user": "holms", "validate_certs": true}
2019-11-13 11:45:01,221 p=22563 u=holms |  ok: [an-lb] => {"changed": false, "comment": null, "exclusive": false, "follow": false, "key": "ssh-rsa AAAAB3NzaC1yc2EAAAADAQABAAABgQCxoVjy+WWuZyyr4HUaFI6/MppeuLjAHmEOmnffRKR3rALwWMovJdPMCRycYO/iZMxP2ByxwLQTRSm3wyP+Y9HLv/cxh3RWiSoXdhlihbHMPBca28zZBwzBvVYmghIQRxTqwqqurwzJ1xDW8JRxSpoUoeWncjBdjMZPz5XyzDh7qsuWcx/heELkGGCRw6qA2LFJXfUTQLxOSZiTBNEY6Pcal0ITor+nKvJteaHsaMaBTa45z16f/wtD+0YuTQ6dqgz1Sq90IEekQi9h3AFTCKsCEKheE4hiUzy4dOx2IWseZ/cM9Swyj9PdmBppU4rXQkI0KrROfk7lFgNi19FHkO8cKUBUcXv5U8zm64qwZ8fsJlvCWYXtoEk/7rmK8A4MF01NioPpFQdsit8p/2Exe6tv8Mf4dwuJ9KpAZNTYRh8r5z0Y9iwD5pYwPGh32l3Fbo+saZ82WXp6gVUDXHpBwzXqiGG8buKpI72OhbizoZnP8GNrcGcmLwaYyphGnT2ug4E= holms@Ops.dev.lan", "key_options": null, "keyfile": "/home/holms/.ssh/authorized_keys", "manage_dir": true, "path": null, "state": "present", "user": "holms", "validate_certs": true}
2019-11-13 11:45:01,322 p=22563 u=holms |  ok: [an-suse] => {"changed": false, "comment": null, "exclusive": false, "follow": false, "key": "ssh-rsa AAAAB3NzaC1yc2EAAAADAQABAAABgQCxoVjy+WWuZyyr4HUaFI6/MppeuLjAHmEOmnffRKR3rALwWMovJdPMCRycYO/iZMxP2ByxwLQTRSm3wyP+Y9HLv/cxh3RWiSoXdhlihbHMPBca28zZBwzBvVYmghIQRxTqwqqurwzJ1xDW8JRxSpoUoeWncjBdjMZPz5XyzDh7qsuWcx/heELkGGCRw6qA2LFJXfUTQLxOSZiTBNEY6Pcal0ITor+nKvJteaHsaMaBTa45z16f/wtD+0YuTQ6dqgz1Sq90IEekQi9h3AFTCKsCEKheE4hiUzy4dOx2IWseZ/cM9Swyj9PdmBppU4rXQkI0KrROfk7lFgNi19FHkO8cKUBUcXv5U8zm64qwZ8fsJlvCWYXtoEk/7rmK8A4MF01NioPpFQdsit8p/2Exe6tv8Mf4dwuJ9KpAZNTYRh8r5z0Y9iwD5pYwPGh32l3Fbo+saZ82WXp6gVUDXHpBwzXqiGG8buKpI72OhbizoZnP8GNrcGcmLwaYyphGnT2ug4E= holms@Ops.dev.lan", "key_options": null, "keyfile": "/home/holms/.ssh/authorized_keys", "manage_dir": true, "path": null, "state": "present", "user": "holms", "validate_certs": true}
2019-11-13 11:45:01,323 p=22563 u=holms |  META: ran handlers
2019-11-13 11:45:01,323 p=22563 u=holms |  META: ran handlers
2019-11-13 11:45:01,324 p=22563 u=holms |  PLAY RECAP **********************************************************************************************
2019-11-13 11:45:01,324 p=22563 u=holms |  an-cent                    : ok=2    changed=0    unreachable=0    failed=0    skipped=0    rescued=0    ignored=0   
2019-11-13 11:45:01,325 p=22563 u=holms |  an-deb                     : ok=2    changed=0    unreachable=0    failed=0    skipped=0    rescued=0    ignored=0   
2019-11-13 11:45:01,325 p=22563 u=holms |  an-fed                     : ok=2    changed=0    unreachable=0    failed=0    skipped=0    rescued=0    ignored=0   
2019-11-13 11:45:01,325 p=22563 u=holms |  an-lb                      : ok=2    changed=0    unreachable=0    failed=0    skipped=0    rescued=0    ignored=0   
2019-11-13 11:45:01,325 p=22563 u=holms |  an-suse                    : ok=2    changed=0    unreachable=0    failed=0    skipped=0    rescued=0    ignored=0   
2019-11-13 11:45:01,325 p=22563 u=holms |  an-ubnt                    : ok=2    changed=0    unreachable=0    failed=0    skipped=0    rescued=0    ignored=0   
2019-11-13 11:45:14,722 p=22735 u=holms |  ansible-playbook 2.8.6
  config file = /home/holms/projects/ansible-edu/ansible.cfg
  configured module search path = ['/home/holms/.ansible/plugins/modules', '/usr/share/ansible/plugins/modules']
  ansible python module location = /usr/lib/python3.6/site-packages/ansible
  executable location = /usr/bin/ansible-playbook
  python version = 3.6.8 (default, Oct 11 2019, 15:04:54) [GCC 8.3.1 20190507 (Red Hat 8.3.1-4)]
2019-11-13 11:45:14,722 p=22735 u=holms |  Using /home/holms/projects/ansible-edu/ansible.cfg as config file
2019-11-13 11:45:15,061 p=22735 u=holms |  PLAYBOOK: 00-ping.yml ***********************************************************************************
2019-11-13 11:45:15,062 p=22735 u=holms |  1 plays in 00-ping.yml
2019-11-13 11:45:15,087 p=22735 u=holms |  PLAY [nodes] ********************************************************************************************
2019-11-13 11:45:15,100 p=22735 u=holms |  TASK [Gathering Facts] **********************************************************************************
2019-11-13 11:45:15,100 p=22735 u=holms |  task path: /home/holms/projects/ansible-edu/00-ping.yml:2
2019-11-13 11:45:17,828 p=22735 u=holms |  ok: [an-fed]
2019-11-13 11:45:18,183 p=22735 u=holms |  ok: [an-ubnt]
2019-11-13 11:45:18,752 p=22735 u=holms |  ok: [an-cent]
2019-11-13 11:45:18,912 p=22735 u=holms |  ok: [an-lb]
2019-11-13 11:45:19,044 p=22735 u=holms |  ok: [an-suse]
2019-11-13 11:45:19,521 p=22735 u=holms |  ok: [an-deb]
2019-11-13 11:45:19,522 p=22735 u=holms |  META: ran handlers
2019-11-13 11:45:19,542 p=22735 u=holms |  TASK [ping hosts] ***************************************************************************************
2019-11-13 11:45:19,542 p=22735 u=holms |  task path: /home/holms/projects/ansible-edu/00-ping.yml:4
2019-11-13 11:45:20,460 p=22735 u=holms |  ok: [an-ubnt] => {"changed": false, "ping": "pong"}
2019-11-13 11:45:20,963 p=22735 u=holms |  ok: [an-fed] => {"changed": false, "ping": "pong"}
2019-11-13 11:45:20,991 p=22735 u=holms |  ok: [an-deb] => {"changed": false, "ping": "pong"}
2019-11-13 11:45:21,041 p=22735 u=holms |  ok: [an-cent] => {"changed": false, "ping": "pong"}
2019-11-13 11:45:21,106 p=22735 u=holms |  ok: [an-lb] => {"changed": false, "ping": "pong"}
2019-11-13 11:45:21,435 p=22735 u=holms |  ok: [an-suse] => {"changed": false, "ping": "pong"}
2019-11-13 11:45:21,437 p=22735 u=holms |  META: ran handlers
2019-11-13 11:45:21,437 p=22735 u=holms |  META: ran handlers
2019-11-13 11:45:21,438 p=22735 u=holms |  PLAY RECAP **********************************************************************************************
2019-11-13 11:45:21,439 p=22735 u=holms |  an-cent                    : ok=2    changed=0    unreachable=0    failed=0    skipped=0    rescued=0    ignored=0   
2019-11-13 11:45:21,439 p=22735 u=holms |  an-deb                     : ok=2    changed=0    unreachable=0    failed=0    skipped=0    rescued=0    ignored=0   
2019-11-13 11:45:21,439 p=22735 u=holms |  an-fed                     : ok=2    changed=0    unreachable=0    failed=0    skipped=0    rescued=0    ignored=0   
2019-11-13 11:45:21,439 p=22735 u=holms |  an-lb                      : ok=2    changed=0    unreachable=0    failed=0    skipped=0    rescued=0    ignored=0   
2019-11-13 11:45:21,439 p=22735 u=holms |  an-suse                    : ok=2    changed=0    unreachable=0    failed=0    skipped=0    rescued=0    ignored=0   
2019-11-13 11:45:21,439 p=22735 u=holms |  an-ubnt                    : ok=2    changed=0    unreachable=0    failed=0    skipped=0    rescued=0    ignored=0   
2019-11-13 11:45:31,118 p=22921 u=holms |  ansible-playbook 2.8.6
  config file = /home/holms/projects/ansible-edu/ansible.cfg
  configured module search path = ['/home/holms/.ansible/plugins/modules', '/usr/share/ansible/plugins/modules']
  ansible python module location = /usr/lib/python3.6/site-packages/ansible
  executable location = /usr/bin/ansible-playbook
  python version = 3.6.8 (default, Oct 11 2019, 15:04:54) [GCC 8.3.1 20190507 (Red Hat 8.3.1-4)]
2019-11-13 11:45:31,119 p=22921 u=holms |  Using /home/holms/projects/ansible-edu/ansible.cfg as config file
2019-11-13 11:45:31,119 p=22921 u=holms |  ERROR! the playbook: 02 could not be found
2019-11-13 11:45:37,518 p=22951 u=holms |  ansible-playbook 2.8.6
  config file = /home/holms/projects/ansible-edu/ansible.cfg
  configured module search path = ['/home/holms/.ansible/plugins/modules', '/usr/share/ansible/plugins/modules']
  ansible python module location = /usr/lib/python3.6/site-packages/ansible
  executable location = /usr/bin/ansible-playbook
  python version = 3.6.8 (default, Oct 11 2019, 15:04:54) [GCC 8.3.1 20190507 (Red Hat 8.3.1-4)]
2019-11-13 11:45:37,518 p=22951 u=holms |  Using /home/holms/projects/ansible-edu/ansible.cfg as config file
2019-11-13 11:45:37,861 p=22951 u=holms |  PLAYBOOK: 02-udpate-system.yml **************************************************************************
2019-11-13 11:45:37,861 p=22951 u=holms |  1 plays in 02-udpate-system.yml
2019-11-13 11:45:37,886 p=22951 u=holms |  PLAY [webservers] ***************************************************************************************
2019-11-13 11:45:37,896 p=22951 u=holms |  TASK [Gathering Facts] **********************************************************************************
2019-11-13 11:45:37,897 p=22951 u=holms |  task path: /home/holms/projects/ansible-edu/02-udpate-system.yml:2
2019-11-13 11:45:40,675 p=22951 u=holms |  ok: [an-fed]
2019-11-13 11:45:41,305 p=22951 u=holms |  ok: [an-cent]
2019-11-13 11:45:41,524 p=22951 u=holms |  ok: [an-suse]
2019-11-13 11:45:41,525 p=22951 u=holms |  META: ran handlers
2019-11-13 11:45:41,546 p=22951 u=holms |  TASK [Install DNF on legacy CentOS] *********************************************************************
2019-11-13 11:45:41,546 p=22951 u=holms |  task path: /home/holms/projects/ansible-edu/02-udpate-system.yml:5
2019-11-13 11:45:41,578 p=22951 u=holms |  skipping: [an-cent] => {"changed": false, "skip_reason": "Conditional result was False"}
2019-11-13 11:45:41,602 p=22951 u=holms |  skipping: [an-suse] => {"changed": false, "skip_reason": "Conditional result was False"}
2019-11-13 11:45:41,614 p=22951 u=holms |  skipping: [an-fed] => {"changed": false, "skip_reason": "Conditional result was False"}
2019-11-13 11:45:41,636 p=22951 u=holms |  TASK [update RHEL-bases systems] ************************************************************************
2019-11-13 11:45:41,637 p=22951 u=holms |  task path: /home/holms/projects/ansible-edu/02-udpate-system.yml:12
2019-11-13 11:45:41,690 p=22951 u=holms |  skipping: [an-suse] => {"changed": false, "skip_reason": "Conditional result was False"}
2019-11-13 11:45:45,643 p=22951 u=holms |  ok: [an-cent] => {"changed": false, "msg": "Nothing to do", "rc": 0, "results": []}
2019-11-13 11:45:52,438 p=22951 u=holms |  ok: [an-fed] => {"changed": false, "msg": "Nothing to do", "rc": 0, "results": []}
2019-11-13 11:45:52,458 p=22951 u=holms |  TASK [update SUSE systems] ******************************************************************************
2019-11-13 11:45:52,459 p=22951 u=holms |  task path: /home/holms/projects/ansible-edu/02-udpate-system.yml:19
2019-11-13 11:45:52,485 p=22951 u=holms |  skipping: [an-cent] => {"changed": false, "skip_reason": "Conditional result was False"}
2019-11-13 11:45:52,524 p=22951 u=holms |  skipping: [an-fed] => {"changed": false, "skip_reason": "Conditional result was False"}
2019-11-13 11:46:14,685 p=22951 u=holms |  ok: [an-suse] => {"changed": false, "cmd": ["/usr/bin/zypper", "--quiet", "--non-interactive", "--xmlout", "update", "--type", "package", "--auto-agree-with-licenses", "--no-recommends"], "name": ["*"], "rc": 0, "state": "latest", "update_cache": false}
2019-11-13 11:46:14,686 p=22951 u=holms |  META: ran handlers
2019-11-13 11:46:14,687 p=22951 u=holms |  META: ran handlers
2019-11-13 11:46:14,688 p=22951 u=holms |  PLAY RECAP **********************************************************************************************
2019-11-13 11:46:14,688 p=22951 u=holms |  an-cent                    : ok=2    changed=0    unreachable=0    failed=0    skipped=2    rescued=0    ignored=0   
2019-11-13 11:46:14,688 p=22951 u=holms |  an-fed                     : ok=2    changed=0    unreachable=0    failed=0    skipped=2    rescued=0    ignored=0   
2019-11-13 11:46:14,689 p=22951 u=holms |  an-suse                    : ok=2    changed=0    unreachable=0    failed=0    skipped=2    rescued=0    ignored=0   
2019-11-13 11:46:30,102 p=23117 u=holms |  ansible-playbook 2.8.6
  config file = /home/holms/projects/ansible-edu/ansible.cfg
  configured module search path = ['/home/holms/.ansible/plugins/modules', '/usr/share/ansible/plugins/modules']
  ansible python module location = /usr/lib/python3.6/site-packages/ansible
  executable location = /usr/bin/ansible-playbook
  python version = 3.6.8 (default, Oct 11 2019, 15:04:54) [GCC 8.3.1 20190507 (Red Hat 8.3.1-4)]
2019-11-13 11:46:30,102 p=23117 u=holms |  Using /home/holms/projects/ansible-edu/ansible.cfg as config file
2019-11-13 11:46:30,466 p=23117 u=holms |  PLAYBOOK: 03-install-nginx.yml **************************************************************************
2019-11-13 11:46:30,466 p=23117 u=holms |  1 plays in 03-install-nginx.yml
2019-11-13 11:46:30,490 p=23117 u=holms |  PLAY [webservers] ***************************************************************************************
2019-11-13 11:46:30,500 p=23117 u=holms |  TASK [Gathering Facts] **********************************************************************************
2019-11-13 11:46:30,501 p=23117 u=holms |  task path: /home/holms/projects/ansible-edu/03-install-nginx.yml:2
2019-11-13 11:46:33,287 p=23117 u=holms |  ok: [an-fed]
2019-11-13 11:46:34,008 p=23117 u=holms |  ok: [an-cent]
2019-11-13 11:46:34,101 p=23117 u=holms |  ok: [an-suse]
2019-11-13 11:46:34,102 p=23117 u=holms |  META: ran handlers
2019-11-13 11:46:34,122 p=23117 u=holms |  TASK [install nginx] ************************************************************************************
2019-11-13 11:46:34,122 p=23117 u=holms |  task path: /home/holms/projects/ansible-edu/03-install-nginx.yml:4
2019-11-13 11:46:37,969 p=23117 u=holms |  ok: [an-suse] => {"changed": false, "name": ["nginx"], "rc": 0, "state": "present", "update_cache": false}
2019-11-13 11:46:38,039 p=23117 u=holms |  ok: [an-cent] => {"changed": false, "msg": "Nothing to do", "rc": 0, "results": ["Installed: nginx"]}
2019-11-13 11:46:44,857 p=23117 u=holms |  ok: [an-fed] => {"changed": false, "msg": "Nothing to do", "rc": 0, "results": ["Installed: nginx"]}
2019-11-13 11:46:44,877 p=23117 u=holms |  TASK [start nginx] **************************************************************************************
2019-11-13 11:46:44,878 p=23117 u=holms |  task path: /home/holms/projects/ansible-edu/03-install-nginx.yml:8
2019-11-13 11:46:47,314 p=23117 u=holms |  ok: [an-cent] => {"changed": false, "enabled": true, "name": "nginx", "state": "started", "status": {"ActiveEnterTimestamp": "Tue 2019-11-12 05:40:05 EST", "ActiveEnterTimestampMonotonic": "124897168193", "ActiveExitTimestampMonotonic": "0", "ActiveState": "active", "After": "tmp.mount sysinit.target basic.target system.slice remote-fs.target systemd-journald.socket systemd-tmpfiles-setup.service network.target nss-lookup.target -.mount", "AllowIsolate": "no", "AmbientCapabilities": "", "AssertResult": "yes", "AssertTimestamp": "Tue 2019-11-12 05:40:05 EST", "AssertTimestampMonotonic": "124896814651", "Before": "multi-user.target shutdown.target", "BlockIOAccounting": "no", "BlockIOWeight": "[not set]", "CPUAccounting": "no", "CPUQuotaPerSecUSec": "infinity", "CPUSchedulingPolicy": "0", "CPUSchedulingPriority": "0", "CPUSchedulingResetOnFork": "no", "CPUShares": "[not set]", "CPUUsageNSec": "[not set]", "CPUWeight": "[not set]", "CacheDirectoryMode": "0755", "CanIsolate": "no", "CanReload": "yes", "CanStart": "yes", "CanStop": "yes", "CapabilityBoundingSet": "cap_chown cap_dac_override cap_dac_read_search cap_fowner cap_fsetid cap_kill cap_setgid cap_setuid cap_setpcap cap_linux_immutable cap_net_bind_service cap_net_broadcast cap_net_admin cap_net_raw cap_ipc_lock cap_ipc_owner cap_sys_module cap_sys_rawio cap_sys_chroot cap_sys_ptrace cap_sys_pacct cap_sys_admin cap_sys_boot cap_sys_nice cap_sys_resource cap_sys_time cap_sys_tty_config cap_mknod cap_lease cap_audit_write cap_audit_control cap_setfcap cap_mac_override cap_mac_admin cap_syslog cap_wake_alarm cap_block_suspend", "CollectMode": "inactive", "ConditionResult": "yes", "ConditionTimestamp": "Tue 2019-11-12 05:40:05 EST", "ConditionTimestampMonotonic": "124896814651", "ConfigurationDirectoryMode": "0755", "Conflicts": "shutdown.target", "ControlGroup": "/system.slice/nginx.service", "ControlPID": "0", "DefaultDependencies": "yes", "Delegate": "no", "Description": "The nginx HTTP and reverse proxy server", "DevicePolicy": "auto", "DynamicUser": "no", "ExecMainCode": "0", "ExecMainExitTimestampMonotonic": "0", "ExecMainPID": "5515", "ExecMainStartTimestamp": "Tue 2019-11-12 05:40:05 EST", "ExecMainStartTimestampMonotonic": "124897165379", "ExecMainStatus": "0", "ExecReload": "{ path=/bin/kill ; argv[]=/bin/kill -s HUP $MAINPID ; ignore_errors=no ; start_time=[n/a] ; stop_time=[n/a] ; pid=0 ; code=(null) ; status=0/0 }", "ExecStart": "{ path=/usr/sbin/nginx ; argv[]=/usr/sbin/nginx ; ignore_errors=no ; start_time=[n/a] ; stop_time=[n/a] ; pid=0 ; code=(null) ; status=0/0 }", "ExecStartPre": "{ path=/usr/sbin/nginx ; argv[]=/usr/sbin/nginx -t ; ignore_errors=no ; start_time=[n/a] ; stop_time=[n/a] ; pid=0 ; code=(null) ; status=0/0 }", "FailureAction": "none", "FileDescriptorStoreMax": "0", "FragmentPath": "/usr/lib/systemd/system/nginx.service", "GID": "[not set]", "GuessMainPID": "yes", "IOAccounting": "no", "IOSchedulingClass": "0", "IOSchedulingPriority": "0", "IOWeight": "[not set]", "IPAccounting": "no", "IPEgressBytes": "18446744073709551615", "IPEgressPackets": "18446744073709551615", "IPIngressBytes": "18446744073709551615", "IPIngressPackets": "18446744073709551615", "Id": "nginx.service", "IgnoreOnIsolate": "no", "IgnoreSIGPIPE": "yes", "InactiveEnterTimestampMonotonic": "0", "InactiveExitTimestamp": "Tue 2019-11-12 05:40:05 EST", "InactiveExitTimestampMonotonic": "124896879948", "InvocationID": "207eb7e0c9d547758f3f9b0b10089979", "JobRunningTimeoutUSec": "infinity", "JobTimeoutAction": "none", "JobTimeoutUSec": "infinity", "KeyringMode": "private", "KillMode": "mixed", "KillSignal": "3", "LimitAS": "infinity", "LimitASSoft": "infinity", "LimitCORE": "infinity", "LimitCORESoft": "infinity", "LimitCPU": "infinity", "LimitCPUSoft": "infinity", "LimitDATA": "infinity", "LimitDATASoft": "infinity", "LimitFSIZE": "infinity", "LimitFSIZESoft": "infinity", "LimitLOCKS": "infinity", "LimitLOCKSSoft": "infinity", "LimitMEMLOCK": "16777216", "LimitMEMLOCKSoft": "16777216", "LimitMSGQUEUE": "819200", "LimitMSGQUEUESoft": "819200", "LimitNICE": "0", "LimitNICESoft": "0", "LimitNOFILE": "4096", "LimitNOFILESoft": "1024", "LimitNPROC": "7196", "LimitNPROCSoft": "7196", "LimitRSS": "infinity", "LimitRSSSoft": "infinity", "LimitRTPRIO": "0", "LimitRTPRIOSoft": "0", "LimitRTTIME": "infinity", "LimitRTTIMESoft": "infinity", "LimitSIGPENDING": "7196", "LimitSIGPENDINGSoft": "7196", "LimitSTACK": "infinity", "LimitSTACKSoft": "8388608", "LoadState": "loaded", "LockPersonality": "no", "LogLevelMax": "-1", "LogsDirectoryMode": "0755", "MainPID": "5515", "MemoryAccounting": "yes", "MemoryCurrent": "5996544", "MemoryDenyWriteExecute": "no", "MemoryHigh": "infinity", "MemoryLimit": "infinity", "MemoryLow": "0", "MemoryMax": "infinity", "MemorySwapMax": "infinity", "MountAPIVFS": "no", "MountFlags": "", "NFileDescriptorStore": "0", "NRestarts": "0", "Names": "nginx.service", "NeedDaemonReload": "no", "Nice": "0", "NoNewPrivileges": "no", "NonBlocking": "no", "NotifyAccess": "none", "OOMScoreAdjust": "0", "OnFailureJobMode": "replace", "PIDFile": "/run/nginx.pid", "PermissionsStartOnly": "no", "Perpetual": "no", "PrivateDevices": "no", "PrivateMounts": "no", "PrivateNetwork": "no", "PrivateTmp": "yes", "PrivateUsers": "no", "ProtectControlGroups": "no", "ProtectHome": "no", "ProtectKernelModules": "no", "ProtectKernelTunables": "no", "ProtectSystem": "no", "RefuseManualStart": "no", "RefuseManualStop": "no", "RemainAfterExit": "no", "RemoveIPC": "no", "Requires": "sysinit.target system.slice -.mount", "RequiresMountsFor": "/var/tmp", "Restart": "no", "RestartUSec": "100ms", "RestrictNamespaces": "no", "RestrictRealtime": "no", "Result": "success", "RootDirectoryStartOnly": "no", "RuntimeDirectoryMode": "0755", "RuntimeDirectoryPreserve": "no", "RuntimeMaxUSec": "infinity", "SameProcessGroup": "no", "SecureBits": "0", "SendSIGHUP": "no", "SendSIGKILL": "yes", "Slice": "system.slice", "StandardError": "inherit", "StandardInput": "null", "StandardInputData": "", "StandardOutput": "journal", "StartLimitAction": "none", "StartLimitBurst": "5", "StartLimitIntervalUSec": "10s", "StartupBlockIOWeight": "[not set]", "StartupCPUShares": "[not set]", "StartupCPUWeight": "[not set]", "StartupIOWeight": "[not set]", "StateChangeTimestamp": "Tue 2019-11-12 05:40:05 EST", "StateChangeTimestampMonotonic": "124897168193", "StateDirectoryMode": "0755", "StatusErrno": "0", "StopWhenUnneeded": "no", "SubState": "running", "SuccessAction": "none", "SyslogFacility": "3", "SyslogLevel": "6", "SyslogLevelPrefix": "yes", "SyslogPriority": "30", "SystemCallErrorNumber": "0", "TTYReset": "no", "TTYVHangup": "no", "TTYVTDisallocate": "no", "TasksAccounting": "yes", "TasksCurrent": "2", "TasksMax": "11513", "TimeoutStartUSec": "1min 30s", "TimeoutStopUSec": "5s", "TimerSlackNSec": "50000", "Transient": "no", "Type": "forking", "UID": "[not set]", "UMask": "0022", "UnitFilePreset": "disabled", "UnitFileState": "enabled", "UtmpMode": "init", "WantedBy": "multi-user.target", "WatchdogTimestampMonotonic": "0", "WatchdogUSec": "0"}}
2019-11-13 11:46:47,360 p=23117 u=holms |  ok: [an-suse] => {"changed": false, "enabled": true, "name": "nginx", "state": "started", "status": {"ActiveEnterTimestamp": "Tue 2019-11-12 12:42:39 EET", "ActiveEnterTimestampMonotonic": "124322343241", "ActiveExitTimestampMonotonic": "0", "ActiveState": "active", "After": "nss-lookup.target -.mount systemd-tmpfiles-setup.service network.target remote-fs.target system.slice sysinit.target basic.target systemd-journald.socket", "AllowIsolate": "no", "AmbientCapabilities": "0", "AssertResult": "yes", "AssertTimestamp": "Tue 2019-11-12 12:42:39 EET", "AssertTimestampMonotonic": "124322250070", "Before": "shutdown.target multi-user.target", "BlockIOAccounting": "no", "BlockIOWeight": "18446744073709551615", "CPUAccounting": "no", "CPUQuotaPerSecUSec": "infinity", "CPUSchedulingPolicy": "0", "CPUSchedulingPriority": "0", "CPUSchedulingResetOnFork": "no", "CPUShares": "18446744073709551615", "CPUUsageNSec": "18446744073709551615", "CPUWeight": "18446744073709551615", "CanIsolate": "no", "CanReload": "yes", "CanStart": "yes", "CanStop": "yes", "CapabilityBoundingSet": "18446744073709551615", "ConditionResult": "yes", "ConditionTimestamp": "Tue 2019-11-12 12:42:39 EET", "ConditionTimestampMonotonic": "124322250070", "Conflicts": "shutdown.target", "ControlGroup": "/system.slice/nginx.service", "ControlPID": "0", "DefaultDependencies": "yes", "Delegate": "no", "Description": "The nginx HTTP and reverse proxy server", "DevicePolicy": "auto", "DynamicUser": "no", "ExecMainCode": "0", "ExecMainExitTimestampMonotonic": "0", "ExecMainPID": "11907", "ExecMainStartTimestamp": "Tue 2019-11-12 12:42:39 EET", "ExecMainStartTimestampMonotonic": "124322343147", "ExecMainStatus": "0", "ExecReload": "{ path=/bin/kill ; argv[]=/bin/kill -s HUP $MAINPID ; ignore_errors=no ; start_time=[n/a] ; stop_time=[n/a] ; pid=0 ; code=(null) ; status=0/0 }", "ExecStart": "{ path=/usr/sbin/nginx ; argv[]=/usr/sbin/nginx -g daemon off; ; ignore_errors=no ; start_time=[n/a] ; stop_time=[n/a] ; pid=0 ; code=(null) ; status=0/0 }", "ExecStartPre": "{ path=/usr/sbin/nginx ; argv[]=/usr/sbin/nginx -t ; ignore_errors=no ; start_time=[n/a] ; stop_time=[n/a] ; pid=0 ; code=(null) ; status=0/0 }", "FailureAction": "none", "FileDescriptorStoreMax": "0", "FragmentPath": "/usr/lib/systemd/system/nginx.service", "GID": "4294967295", "GuessMainPID": "yes", "IOAccounting": "no", "IOSchedulingClass": "0", "IOSchedulingPriority": "0", "IOWeight": "18446744073709551615", "Id": "nginx.service", "IgnoreOnIsolate": "no", "IgnoreSIGPIPE": "yes", "InactiveEnterTimestampMonotonic": "0", "InactiveExitTimestamp": "Tue 2019-11-12 12:42:39 EET", "InactiveExitTimestampMonotonic": "124322255639", "InvocationID": "546e91bf8d5d4855bbf630ec3ee539f2", "JobRunningTimeoutUSec": "infinity", "JobTimeoutAction": "none", "JobTimeoutUSec": "infinity", "KillMode": "mixed", "KillSignal": "3", "LimitAS": "18446744073709551615", "LimitASSoft": "18446744073709551615", "LimitCORE": "18446744073709551615", "LimitCORESoft": "18446744073709551615", "LimitCPU": "18446744073709551615", "LimitCPUSoft": "18446744073709551615", "LimitDATA": "18446744073709551615", "LimitDATASoft": "18446744073709551615", "LimitFSIZE": "18446744073709551615", "LimitFSIZESoft": "18446744073709551615", "LimitLOCKS": "18446744073709551615", "LimitLOCKSSoft": "18446744073709551615", "LimitMEMLOCK": "65536", "LimitMEMLOCKSoft": "65536", "LimitMSGQUEUE": "819200", "LimitMSGQUEUESoft": "819200", "LimitNICE": "0", "LimitNICESoft": "0", "LimitNOFILE": "4096", "LimitNOFILESoft": "1024", "LimitNPROC": "7800", "LimitNPROCSoft": "7800", "LimitRSS": "18446744073709551615", "LimitRSSSoft": "18446744073709551615", "LimitRTPRIO": "0", "LimitRTPRIOSoft": "0", "LimitRTTIME": "18446744073709551615", "LimitRTTIMESoft": "18446744073709551615", "LimitSIGPENDING": "7800", "LimitSIGPENDINGSoft": "7800", "LimitSTACK": "18446744073709551615", "LimitSTACKSoft": "8388608", "LoadState": "loaded", "MainPID": "11907", "MemoryAccounting": "no", "MemoryCurrent": "18446744073709551615", "MemoryDenyWriteExecute": "no", "MemoryHigh": "18446744073709551615", "MemoryLimit": "18446744073709551615", "MemoryLow": "0", "MemoryMax": "18446744073709551615", "MemorySwapMax": "18446744073709551615", "MountAPIVFS": "no", "MountFlags": "0", "NFileDescriptorStore": "0", "Names": "nginx.service", "NeedDaemonReload": "no", "Nice": "0", "NoNewPrivileges": "no", "NonBlocking": "no", "NotifyAccess": "none", "OOMScoreAdjust": "0", "OnFailureJobMode": "replace", "PIDFile": "/run/nginx.pid", "PermissionsStartOnly": "no", "Perpetual": "no", "PrivateDevices": "no", "PrivateNetwork": "no", "PrivateTmp": "yes", "PrivateUsers": "no", "ProtectControlGroups": "no", "ProtectHome": "no", "ProtectKernelModules": "no", "ProtectKernelTunables": "no", "ProtectSystem": "no", "RefuseManualStart": "no", "RefuseManualStop": "no", "RemainAfterExit": "no", "RemoveIPC": "no", "Requires": "system.slice -.mount sysinit.target", "RequiresMountsFor": "/tmp /var/tmp", "Restart": "no", "RestartUSec": "100ms", "RestrictNamespaces": "no", "RestrictRealtime": "no", "RestrictSUIDSGID": "no", "Result": "success", "RootDirectoryStartOnly": "no", "RuntimeDirectoryMode": "0755", "RuntimeMaxUSec": "infinity", "SameProcessGroup": "no", "SecureBits": "0", "SendSIGHUP": "no", "SendSIGKILL": "yes", "Slice": "system.slice", "StandardError": "inherit", "StandardInput": "null", "StandardOutput": "journal", "StartLimitAction": "none", "StartLimitBurst": "5", "StartLimitIntervalSec": "10000000", "StartupBlockIOWeight": "18446744073709551615", "StartupCPUShares": "18446744073709551615", "StartupCPUWeight": "18446744073709551615", "StartupIOWeight": "18446744073709551615", "StateChangeTimestamp": "Tue 2019-11-12 12:42:39 EET", "StateChangeTimestampMonotonic": "124322343241", "StatusErrno": "0", "StopWhenUnneeded": "no", "SubState": "running", "SyslogFacility": "3", "SyslogLevel": "6", "SyslogLevelPrefix": "yes", "SyslogPriority": "30", "SystemCallErrorNumber": "0", "TTYReset": "no", "TTYVHangup": "no", "TTYVTDisallocate": "no", "TasksAccounting": "yes", "TasksCurrent": "2", "TasksMax": "4915", "TimeoutStartUSec": "1min 30s", "TimeoutStopUSec": "5s", "TimerSlackNSec": "50000", "Transient": "no", "Type": "simple", "UID": "4294967295", "UMask": "0022", "UnitFilePreset": "disabled", "UnitFileState": "enabled", "UtmpMode": "init", "WantedBy": "multi-user.target", "WatchdogTimestamp": "Tue 2019-11-12 12:42:39 EET", "WatchdogTimestampMonotonic": "124322343239", "WatchdogUSec": "0"}}
2019-11-13 11:46:47,494 p=23117 u=holms |  ok: [an-fed] => {"changed": false, "enabled": true, "name": "nginx", "state": "started", "status": {"ActiveEnterTimestamp": "Tue 2019-11-12 12:39:54 EET", "ActiveEnterTimestampMonotonic": "125529616636", "ActiveExitTimestampMonotonic": "0", "ActiveState": "active", "After": "-.mount sysinit.target system.slice network.target nss-lookup.target tmp.mount systemd-journald.socket systemd-tmpfiles-setup.service remote-fs.target basic.target", "AllowIsolate": "no", "AmbientCapabilities": "", "AssertResult": "yes", "AssertTimestamp": "Tue 2019-11-12 12:39:54 EET", "AssertTimestampMonotonic": "125529430757", "Before": "shutdown.target multi-user.target", "BlockIOAccounting": "no", "BlockIOWeight": "[not set]", "CPUAccounting": "yes", "CPUAffinity": "", "CPUQuotaPerSecUSec": "infinity", "CPUQuotaPeriodUSec": "infinity", "CPUSchedulingPolicy": "0", "CPUSchedulingPriority": "0", "CPUSchedulingResetOnFork": "no", "CPUShares": "[not set]", "CPUUsageNSec": "154403000", "CPUWeight": "[not set]", "CacheDirectoryMode": "0755", "CanIsolate": "no", "CanReload": "yes", "CanStart": "yes", "CanStop": "yes", "CapabilityBoundingSet": "cap_chown cap_dac_override cap_dac_read_search cap_fowner cap_fsetid cap_kill cap_setgid cap_setuid cap_setpcap cap_linux_immutable cap_net_bind_service cap_net_broadcast cap_net_admin cap_net_raw cap_ipc_lock cap_ipc_owner cap_sys_module cap_sys_rawio cap_sys_chroot cap_sys_ptrace cap_sys_pacct cap_sys_admin cap_sys_boot cap_sys_nice cap_sys_resource cap_sys_time cap_sys_tty_config cap_mknod cap_lease cap_audit_write cap_audit_control cap_setfcap cap_mac_override cap_mac_admin cap_syslog cap_wake_alarm cap_block_suspend cap_audit_read", "CleanResult": "success", "CollectMode": "inactive", "ConditionResult": "yes", "ConditionTimestamp": "Tue 2019-11-12 12:39:54 EET", "ConditionTimestampMonotonic": "125529430756", "ConfigurationDirectoryMode": "0755", "Conflicts": "shutdown.target", "ControlGroup": "/system.slice/nginx.service", "ControlPID": "0", "DefaultDependencies": "yes", "DefaultMemoryLow": "0", "DefaultMemoryMin": "0", "Delegate": "no", "Description": "The nginx HTTP and reverse proxy server", "DevicePolicy": "auto", "DynamicUser": "no", "ExecMainCode": "0", "ExecMainExitTimestampMonotonic": "0", "ExecMainPID": "27877", "ExecMainStartTimestamp": "Tue 2019-11-12 12:39:54 EET", "ExecMainStartTimestampMonotonic": "125529612870", "ExecMainStatus": "0", "ExecReload": "{ path=/bin/kill ; argv[]=/bin/kill -s HUP $MAINPID ; ignore_errors=no ; start_time=[n/a] ; stop_time=[n/a] ; pid=0 ; code=(null) ; status=0/0 }", "ExecStart": "{ path=/usr/sbin/nginx ; argv[]=/usr/sbin/nginx ; ignore_errors=no ; start_time=[n/a] ; stop_time=[n/a] ; pid=0 ; code=(null) ; status=0/0 }", "ExecStartEx": "{ path=/usr/sbin/nginx ; argv[]=/usr/sbin/nginx ; flags= ; start_time=[n/a] ; stop_time=[n/a] ; pid=0 ; code=(null) ; status=0/0 }", "ExecStartPre": "{ path=/usr/sbin/nginx ; argv[]=/usr/sbin/nginx -t ; ignore_errors=no ; start_time=[n/a] ; stop_time=[n/a] ; pid=0 ; code=(null) ; status=0/0 }", "ExecStartPreEx": "{ path=/usr/sbin/nginx ; argv[]=/usr/sbin/nginx -t ; flags= ; start_time=[n/a] ; stop_time=[n/a] ; pid=0 ; code=(null) ; status=0/0 }", "FailureAction": "none", "FileDescriptorStoreMax": "0", "FinalKillSignal": "9", "FragmentPath": "/usr/lib/systemd/system/nginx.service", "GID": "[not set]", "GuessMainPID": "yes", "IOAccounting": "no", "IOReadBytes": "18446744073709551615", "IOReadOperations": "18446744073709551615", "IOSchedulingClass": "0", "IOSchedulingPriority": "0", "IOWeight": "[not set]", "IOWriteBytes": "18446744073709551615", "IOWriteOperations": "18446744073709551615", "IPAccounting": "no", "IPEgressBytes": "[no data]", "IPEgressPackets": "[no data]", "IPIngressBytes": "[no data]", "IPIngressPackets": "[no data]", "Id": "nginx.service", "IgnoreOnIsolate": "no", "IgnoreSIGPIPE": "yes", "InactiveEnterTimestampMonotonic": "0", "InactiveExitTimestamp": "Tue 2019-11-12 12:39:54 EET", "InactiveExitTimestampMonotonic": "125529437966", "InvocationID": "20344cfd6e774e77a4be0d9f59e372d5", "JobRunningTimeoutUSec": "infinity", "JobTimeoutAction": "none", "JobTimeoutUSec": "infinity", "KeyringMode": "private", "KillMode": "mixed", "KillSignal": "3", "LimitAS": "infinity", "LimitASSoft": "infinity", "LimitCORE": "infinity", "LimitCORESoft": "infinity", "LimitCPU": "infinity", "LimitCPUSoft": "infinity", "LimitDATA": "infinity", "LimitDATASoft": "infinity", "LimitFSIZE": "infinity", "LimitFSIZESoft": "infinity", "LimitLOCKS": "infinity", "LimitLOCKSSoft": "infinity", "LimitMEMLOCK": "65536", "LimitMEMLOCKSoft": "65536", "LimitMSGQUEUE": "819200", "LimitMSGQUEUESoft": "819200", "LimitNICE": "0", "LimitNICESoft": "0", "LimitNOFILE": "524288", "LimitNOFILESoft": "1024", "LimitNPROC": "7786", "LimitNPROCSoft": "7786", "LimitRSS": "infinity", "LimitRSSSoft": "infinity", "LimitRTPRIO": "0", "LimitRTPRIOSoft": "0", "LimitRTTIME": "infinity", "LimitRTTIMESoft": "infinity", "LimitSIGPENDING": "7786", "LimitSIGPENDINGSoft": "7786", "LimitSTACK": "infinity", "LimitSTACKSoft": "8388608", "LoadState": "loaded", "LockPersonality": "no", "LogLevelMax": "-1", "LogRateLimitBurst": "0", "LogRateLimitIntervalUSec": "0", "LogsDirectoryMode": "0755", "MainPID": "27877", "MemoryAccounting": "yes", "MemoryCurrent": "2568192", "MemoryDenyWriteExecute": "no", "MemoryHigh": "infinity", "MemoryLimit": "infinity", "MemoryLow": "0", "MemoryMax": "infinity", "MemoryMin": "0", "MemorySwapMax": "infinity", "MountAPIVFS": "no", "MountFlags": "", "NFileDescriptorStore": "0", "NRestarts": "0", "NUMAMask": "", "NUMAPolicy": "n/a", "Names": "nginx.service", "NeedDaemonReload": "no", "Nice": "0", "NoNewPrivileges": "no", "NonBlocking": "no", "NotifyAccess": "none", "OOMPolicy": "stop", "OOMScoreAdjust": "0", "OnFailureJobMode": "replace", "PIDFile": "/run/nginx.pid", "Perpetual": "no", "PrivateDevices": "no", "PrivateMounts": "no", "PrivateNetwork": "no", "PrivateTmp": "yes", "PrivateUsers": "no", "ProtectControlGroups": "no", "ProtectHome": "no", "ProtectHostname": "no", "ProtectKernelModules": "no", "ProtectKernelTunables": "no", "ProtectSystem": "no", "RefuseManualStart": "no", "RefuseManualStop": "no", "ReloadResult": "success", "RemainAfterExit": "no", "RemoveIPC": "no", "Requires": "tmp.mount sysinit.target -.mount system.slice", "RequiresMountsFor": "/tmp /var/tmp", "Restart": "no", "RestartUSec": "100ms", "RestrictNamespaces": "no", "RestrictRealtime": "no", "RestrictSUIDSGID": "no", "Result": "success", "RootDirectoryStartOnly": "no", "RuntimeDirectoryMode": "0755", "RuntimeDirectoryPreserve": "no", "RuntimeMaxUSec": "infinity", "SameProcessGroup": "no", "SecureBits": "0", "SendSIGHUP": "no", "SendSIGKILL": "yes", "Slice": "system.slice", "StandardError": "inherit", "StandardInput": "null", "StandardInputData": "", "StandardOutput": "journal", "StartLimitAction": "none", "StartLimitBurst": "5", "StartLimitIntervalUSec": "10s", "StartupBlockIOWeight": "[not set]", "StartupCPUShares": "[not set]", "StartupCPUWeight": "[not set]", "StartupIOWeight": "[not set]", "StateChangeTimestamp": "Tue 2019-11-12 12:39:54 EET", "StateChangeTimestampMonotonic": "125529616636", "StateDirectoryMode": "0755", "StatusErrno": "0", "StopWhenUnneeded": "no", "SubState": "running", "SuccessAction": "none", "SyslogFacility": "3", "SyslogLevel": "6", "SyslogLevelPrefix": "yes", "SyslogPriority": "30", "SystemCallErrorNumber": "0", "TTYReset": "no", "TTYVHangup": "no", "TTYVTDisallocate": "no", "TasksAccounting": "yes", "TasksCurrent": "2", "TasksMax": "2335", "TimeoutAbortUSec": "5s", "TimeoutCleanUSec": "infinity", "TimeoutStartUSec": "1min 30s", "TimeoutStopUSec": "5s", "TimerSlackNSec": "50000", "Transient": "no", "Type": "forking", "UID": "[not set]", "UMask": "0022", "UnitFilePreset": "disabled", "UnitFileState": "enabled", "UtmpMode": "init", "WantedBy": "multi-user.target", "WatchdogSignal": "6", "WatchdogTimestampMonotonic": "0", "WatchdogUSec": "0"}}
2019-11-13 11:46:47,511 p=23117 u=holms |  TASK [allow http and https] *****************************************************************************
2019-11-13 11:46:47,512 p=23117 u=holms |  task path: /home/holms/projects/ansible-edu/03-install-nginx.yml:12
2019-11-13 11:46:49,853 p=23117 u=holms |  ok: [an-cent] => (item=http) => {"ansible_loop_var": "item", "changed": false, "item": "http", "msg": "Permanent operation"}
2019-11-13 11:46:49,959 p=23117 u=holms |  ok: [an-suse] => (item=http) => {"ansible_loop_var": "item", "changed": false, "item": "http", "msg": "Permanent operation"}
2019-11-13 11:46:50,035 p=23117 u=holms |  ok: [an-fed] => (item=http) => {"ansible_loop_var": "item", "changed": false, "item": "http", "msg": "Permanent operation"}
2019-11-13 11:46:52,008 p=23117 u=holms |  ok: [an-cent] => (item=https) => {"ansible_loop_var": "item", "changed": false, "item": "https", "msg": "Permanent operation"}
2019-11-13 11:46:52,408 p=23117 u=holms |  ok: [an-fed] => (item=https) => {"ansible_loop_var": "item", "changed": false, "item": "https", "msg": "Permanent operation"}
2019-11-13 11:46:52,471 p=23117 u=holms |  ok: [an-suse] => (item=https) => {"ansible_loop_var": "item", "changed": false, "item": "https", "msg": "Permanent operation"}
2019-11-13 11:46:52,492 p=23117 u=holms |  TASK [restart firewalld] ********************************************************************************
2019-11-13 11:46:52,492 p=23117 u=holms |  task path: /home/holms/projects/ansible-edu/03-install-nginx.yml:23
2019-11-13 11:46:56,672 p=23117 u=holms |  changed: [an-fed] => {"changed": true, "name": "firewalld", "state": "started", "status": {"ActiveEnterTimestamp": "Tue 2019-11-12 23:09:37 EET", "ActiveEnterTimestampMonotonic": "156474850471", "ActiveExitTimestamp": "Tue 2019-11-12 23:09:35 EET", "ActiveExitTimestampMonotonic": "156473034213", "ActiveState": "active", "After": "system.slice basic.target dbus.socket polkit.service sysinit.target dbus-broker.service", "AllowIsolate": "no", "AmbientCapabilities": "", "AssertResult": "yes", "AssertTimestamp": "Tue 2019-11-12 23:09:36 EET", "AssertTimestampMonotonic": "156474120665", "Before": "multi-user.target shutdown.target network-pre.target", "BlockIOAccounting": "no", "BlockIOWeight": "[not set]", "BusName": "org.fedoraproject.FirewallD1", "CPUAccounting": "yes", "CPUAffinity": "", "CPUQuotaPerSecUSec": "infinity", "CPUQuotaPeriodUSec": "infinity", "CPUSchedulingPolicy": "0", "CPUSchedulingPriority": "0", "CPUSchedulingResetOnFork": "no", "CPUShares": "[not set]", "CPUUsageNSec": "2132222000", "CPUWeight": "[not set]", "CacheDirectoryMode": "0755", "CanIsolate": "no", "CanReload": "yes", "CanStart": "yes", "CanStop": "yes", "CapabilityBoundingSet": "cap_chown cap_dac_override cap_dac_read_search cap_fowner cap_fsetid cap_kill cap_setgid cap_setuid cap_setpcap cap_linux_immutable cap_net_bind_service cap_net_broadcast cap_net_admin cap_net_raw cap_ipc_lock cap_ipc_owner cap_sys_module cap_sys_rawio cap_sys_chroot cap_sys_ptrace cap_sys_pacct cap_sys_admin cap_sys_boot cap_sys_nice cap_sys_resource cap_sys_time cap_sys_tty_config cap_mknod cap_lease cap_audit_write cap_audit_control cap_setfcap cap_mac_override cap_mac_admin cap_syslog cap_wake_alarm cap_block_suspend cap_audit_read", "CleanResult": "success", "CollectMode": "inactive", "ConditionResult": "yes", "ConditionTimestamp": "Tue 2019-11-12 23:09:36 EET", "ConditionTimestampMonotonic": "156474120664", "ConfigurationDirectoryMode": "0755", "Conflicts": "shutdown.target ebtables.service ipset.service iptables.service ip6tables.service", "ControlGroup": "/system.slice/firewalld.service", "ControlPID": "0", "DefaultDependencies": "yes", "DefaultMemoryLow": "0", "DefaultMemoryMin": "0", "Delegate": "no", "Description": "firewalld - dynamic firewall daemon", "DevicePolicy": "auto", "Documentation": "man:firewalld(1)", "DynamicUser": "no", "EnvironmentFiles": "/etc/sysconfig/firewalld (ignore_errors=yes)", "ExecMainCode": "0", "ExecMainExitTimestampMonotonic": "0", "ExecMainPID": "52278", "ExecMainStartTimestamp": "Tue 2019-11-12 23:09:36 EET", "ExecMainStartTimestampMonotonic": "156474124425", "ExecMainStatus": "0", "ExecReload": "{ path=/bin/kill ; argv[]=/bin/kill -HUP $MAINPID ; ignore_errors=no ; start_time=[n/a] ; stop_time=[n/a] ; pid=0 ; code=(null) ; status=0/0 }", "ExecStart": "{ path=/usr/sbin/firewalld ; argv[]=/usr/sbin/firewalld --nofork --nopid $FIREWALLD_ARGS ; ignore_errors=no ; start_time=[Tue 2019-11-12 23:09:36 EET] ; stop_time=[n/a] ; pid=52278 ; code=(null) ; status=0/0 }", "ExecStartEx": "{ path=/usr/sbin/firewalld ; argv[]=/usr/sbin/firewalld --nofork --nopid $FIREWALLD_ARGS ; flags= ; start_time=[Tue 2019-11-12 23:09:36 EET] ; stop_time=[n/a] ; pid=52278 ; code=(null) ; status=0/0 }", "FailureAction": "none", "FileDescriptorStoreMax": "0", "FinalKillSignal": "9", "FragmentPath": "/usr/lib/systemd/system/firewalld.service", "GID": "[not set]", "GuessMainPID": "yes", "IOAccounting": "no", "IOReadBytes": "18446744073709551615", "IOReadOperations": "18446744073709551615", "IOSchedulingClass": "0", "IOSchedulingPriority": "0", "IOWeight": "[not set]", "IOWriteBytes": "18446744073709551615", "IOWriteOperations": "18446744073709551615", "IPAccounting": "no", "IPEgressBytes": "[no data]", "IPEgressPackets": "[no data]", "IPIngressBytes": "[no data]", "IPIngressPackets": "[no data]", "Id": "firewalld.service", "IgnoreOnIsolate": "no", "IgnoreSIGPIPE": "yes", "InactiveEnterTimestamp": "Tue 2019-11-12 23:09:36 EET", "InactiveEnterTimestampMonotonic": "156474115642", "InactiveExitTimestamp": "Tue 2019-11-12 23:09:36 EET", "InactiveExitTimestampMonotonic": "156474126336", "InvocationID": "9f5fc5651eb449b2b37684fa6ca02515", "JobRunningTimeoutUSec": "infinity", "JobTimeoutAction": "none", "JobTimeoutUSec": "infinity", "KeyringMode": "private", "KillMode": "mixed", "KillSignal": "15", "LimitAS": "infinity", "LimitASSoft": "infinity", "LimitCORE": "infinity", "LimitCORESoft": "infinity", "LimitCPU": "infinity", "LimitCPUSoft": "infinity", "LimitDATA": "infinity", "LimitDATASoft": "infinity", "LimitFSIZE": "infinity", "LimitFSIZESoft": "infinity", "LimitLOCKS": "infinity", "LimitLOCKSSoft": "infinity", "LimitMEMLOCK": "65536", "LimitMEMLOCKSoft": "65536", "LimitMSGQUEUE": "819200", "LimitMSGQUEUESoft": "819200", "LimitNICE": "0", "LimitNICESoft": "0", "LimitNOFILE": "524288", "LimitNOFILESoft": "1024", "LimitNPROC": "7786", "LimitNPROCSoft": "7786", "LimitRSS": "infinity", "LimitRSSSoft": "infinity", "LimitRTPRIO": "0", "LimitRTPRIOSoft": "0", "LimitRTTIME": "infinity", "LimitRTTIMESoft": "infinity", "LimitSIGPENDING": "7786", "LimitSIGPENDINGSoft": "7786", "LimitSTACK": "infinity", "LimitSTACKSoft": "8388608", "LoadState": "loaded", "LockPersonality": "no", "LogLevelMax": "-1", "LogRateLimitBurst": "0", "LogRateLimitIntervalUSec": "0", "LogsDirectoryMode": "0755", "MainPID": "52278", "MemoryAccounting": "yes", "MemoryCurrent": "24887296", "MemoryDenyWriteExecute": "no", "MemoryHigh": "infinity", "MemoryLimit": "infinity", "MemoryLow": "0", "MemoryMax": "infinity", "MemoryMin": "0", "MemorySwapMax": "infinity", "MountAPIVFS": "no", "MountFlags": "", "NFileDescriptorStore": "0", "NRestarts": "0", "NUMAMask": "", "NUMAPolicy": "n/a", "Names": "dbus-org.fedoraproject.FirewallD1.service firewalld.service", "NeedDaemonReload": "no", "Nice": "0", "NoNewPrivileges": "no", "NonBlocking": "no", "NotifyAccess": "none", "OOMPolicy": "stop", "OOMScoreAdjust": "0", "OnFailureJobMode": "replace", "Perpetual": "no", "PrivateDevices": "no", "PrivateMounts": "no", "PrivateNetwork": "no", "PrivateTmp": "no", "PrivateUsers": "no", "ProtectControlGroups": "no", "ProtectHome": "no", "ProtectHostname": "no", "ProtectKernelModules": "no", "ProtectKernelTunables": "no", "ProtectSystem": "no", "RefuseManualStart": "no", "RefuseManualStop": "no", "ReloadResult": "success", "RemainAfterExit": "no", "RemoveIPC": "no", "Requires": "sysinit.target system.slice dbus.socket", "Restart": "no", "RestartUSec": "100ms", "RestrictNamespaces": "no", "RestrictRealtime": "no", "RestrictSUIDSGID": "no", "Result": "success", "RootDirectoryStartOnly": "no", "RuntimeDirectoryMode": "0755", "RuntimeDirectoryPreserve": "no", "RuntimeMaxUSec": "infinity", "SameProcessGroup": "no", "SecureBits": "0", "SendSIGHUP": "no", "SendSIGKILL": "yes", "Slice": "system.slice", "StandardError": "null", "StandardInput": "null", "StandardInputData": "", "StandardOutput": "null", "StartLimitAction": "none", "StartLimitBurst": "5", "StartLimitIntervalUSec": "10s", "StartupBlockIOWeight": "[not set]", "StartupCPUShares": "[not set]", "StartupCPUWeight": "[not set]", "StartupIOWeight": "[not set]", "StateChangeTimestamp": "Tue 2019-11-12 23:09:37 EET", "StateChangeTimestampMonotonic": "156474850471", "StateDirectoryMode": "0755", "StatusErrno": "0", "StopWhenUnneeded": "no", "SubState": "running", "SuccessAction": "none", "SyslogFacility": "3", "SyslogLevel": "6", "SyslogLevelPrefix": "yes", "SyslogPriority": "30", "SystemCallErrorNumber": "0", "TTYReset": "no", "TTYVHangup": "no", "TTYVTDisallocate": "no", "TasksAccounting": "yes", "TasksCurrent": "2", "TasksMax": "2335", "TimeoutAbortUSec": "1min 30s", "TimeoutCleanUSec": "infinity", "TimeoutStartUSec": "1min 30s", "TimeoutStopUSec": "1min 30s", "TimerSlackNSec": "50000", "Transient": "no", "Type": "dbus", "UID": "[not set]", "UMask": "0022", "UnitFilePreset": "enabled", "UnitFileState": "enabled", "UtmpMode": "init", "WantedBy": "multi-user.target", "Wants": "network-pre.target", "WatchdogSignal": "6", "WatchdogTimestampMonotonic": "0", "WatchdogUSec": "0"}}
2019-11-13 11:46:56,795 p=23117 u=holms |  changed: [an-cent] => {"changed": true, "name": "firewalld", "state": "started", "status": {"ActiveEnterTimestamp": "Tue 2019-11-12 14:15:35 EST", "ActiveEnterTimestampMonotonic": "155826373992", "ActiveExitTimestamp": "Tue 2019-11-12 14:15:33 EST", "ActiveExitTimestampMonotonic": "155824363011", "ActiveState": "active", "After": "polkit.service dbus.socket basic.target sysinit.target dbus.service system.slice", "AllowIsolate": "no", "AmbientCapabilities": "", "AssertResult": "yes", "AssertTimestamp": "Tue 2019-11-12 14:15:34 EST", "AssertTimestampMonotonic": "155825608494", "Before": "shutdown.target multi-user.target network-pre.target", "BlockIOAccounting": "no", "BlockIOWeight": "[not set]", "BusName": "org.fedoraproject.FirewallD1", "CPUAccounting": "no", "CPUQuotaPerSecUSec": "infinity", "CPUSchedulingPolicy": "0", "CPUSchedulingPriority": "0", "CPUSchedulingResetOnFork": "no", "CPUShares": "[not set]", "CPUUsageNSec": "[not set]", "CPUWeight": "[not set]", "CacheDirectoryMode": "0755", "CanIsolate": "no", "CanReload": "yes", "CanStart": "yes", "CanStop": "yes", "CapabilityBoundingSet": "cap_chown cap_dac_override cap_dac_read_search cap_fowner cap_fsetid cap_kill cap_setgid cap_setuid cap_setpcap cap_linux_immutable cap_net_bind_service cap_net_broadcast cap_net_admin cap_net_raw cap_ipc_lock cap_ipc_owner cap_sys_module cap_sys_rawio cap_sys_chroot cap_sys_ptrace cap_sys_pacct cap_sys_admin cap_sys_boot cap_sys_nice cap_sys_resource cap_sys_time cap_sys_tty_config cap_mknod cap_lease cap_audit_write cap_audit_control cap_setfcap cap_mac_override cap_mac_admin cap_syslog cap_wake_alarm cap_block_suspend", "CollectMode": "inactive", "ConditionResult": "yes", "ConditionTimestamp": "Tue 2019-11-12 14:15:34 EST", "ConditionTimestampMonotonic": "155825608494", "ConfigurationDirectoryMode": "0755", "Conflicts": "iptables.service ipset.service ip6tables.service ebtables.service shutdown.target", "ControlGroup": "/system.slice/firewalld.service", "ControlPID": "0", "DefaultDependencies": "yes", "Delegate": "no", "Description": "firewalld - dynamic firewall daemon", "DevicePolicy": "auto", "Documentation": "man:firewalld(1)", "DynamicUser": "no", "EnvironmentFiles": "/etc/sysconfig/firewalld (ignore_errors=yes)", "ExecMainCode": "0", "ExecMainExitTimestampMonotonic": "0", "ExecMainPID": "24873", "ExecMainStartTimestamp": "Tue 2019-11-12 14:15:34 EST", "ExecMainStartTimestampMonotonic": "155825613340", "ExecMainStatus": "0", "ExecReload": "{ path=/bin/kill ; argv[]=/bin/kill -HUP $MAINPID ; ignore_errors=no ; start_time=[n/a] ; stop_time=[n/a] ; pid=0 ; code=(null) ; status=0/0 }", "ExecStart": "{ path=/usr/sbin/firewalld ; argv[]=/usr/sbin/firewalld --nofork --nopid $FIREWALLD_ARGS ; ignore_errors=no ; start_time=[Tue 2019-11-12 14:15:34 EST] ; stop_time=[n/a] ; pid=24873 ; code=(null) ; status=0/0 }", "FailureAction": "none", "FileDescriptorStoreMax": "0", "FragmentPath": "/usr/lib/systemd/system/firewalld.service", "GID": "[not set]", "GuessMainPID": "yes", "IOAccounting": "no", "IOSchedulingClass": "0", "IOSchedulingPriority": "0", "IOWeight": "[not set]", "IPAccounting": "no", "IPEgressBytes": "18446744073709551615", "IPEgressPackets": "18446744073709551615", "IPIngressBytes": "18446744073709551615", "IPIngressPackets": "18446744073709551615", "Id": "firewalld.service", "IgnoreOnIsolate": "no", "IgnoreSIGPIPE": "yes", "InactiveEnterTimestamp": "Tue 2019-11-12 14:15:34 EST", "InactiveEnterTimestampMonotonic": "155825605769", "InactiveExitTimestamp": "Tue 2019-11-12 14:15:34 EST", "InactiveExitTimestampMonotonic": "155825613428", "InvocationID": "07893312c1a4478fa1249db553843175", "JobRunningTimeoutUSec": "infinity", "JobTimeoutAction": "none", "JobTimeoutUSec": "infinity", "KeyringMode": "private", "KillMode": "mixed", "KillSignal": "15", "LimitAS": "infinity", "LimitASSoft": "infinity", "LimitCORE": "infinity", "LimitCORESoft": "infinity", "LimitCPU": "infinity", "LimitCPUSoft": "infinity", "LimitDATA": "infinity", "LimitDATASoft": "infinity", "LimitFSIZE": "infinity", "LimitFSIZESoft": "infinity", "LimitLOCKS": "infinity", "LimitLOCKSSoft": "infinity", "LimitMEMLOCK": "16777216", "LimitMEMLOCKSoft": "16777216", "LimitMSGQUEUE": "819200", "LimitMSGQUEUESoft": "819200", "LimitNICE": "0", "LimitNICESoft": "0", "LimitNOFILE": "4096", "LimitNOFILESoft": "1024", "LimitNPROC": "7196", "LimitNPROCSoft": "7196", "LimitRSS": "infinity", "LimitRSSSoft": "infinity", "LimitRTPRIO": "0", "LimitRTPRIOSoft": "0", "LimitRTTIME": "infinity", "LimitRTTIMESoft": "infinity", "LimitSIGPENDING": "7196", "LimitSIGPENDINGSoft": "7196", "LimitSTACK": "infinity", "LimitSTACKSoft": "8388608", "LoadState": "loaded", "LockPersonality": "no", "LogLevelMax": "-1", "LogsDirectoryMode": "0755", "MainPID": "24873", "MemoryAccounting": "yes", "MemoryCurrent": "23064576", "MemoryDenyWriteExecute": "no", "MemoryHigh": "infinity", "MemoryLimit": "infinity", "MemoryLow": "0", "MemoryMax": "infinity", "MemorySwapMax": "infinity", "MountAPIVFS": "no", "MountFlags": "", "NFileDescriptorStore": "0", "NRestarts": "0", "Names": "firewalld.service", "NeedDaemonReload": "no", "Nice": "0", "NoNewPrivileges": "no", "NonBlocking": "no", "NotifyAccess": "none", "OOMScoreAdjust": "0", "OnFailureJobMode": "replace", "PermissionsStartOnly": "no", "Perpetual": "no", "PrivateDevices": "no", "PrivateMounts": "no", "PrivateNetwork": "no", "PrivateTmp": "no", "PrivateUsers": "no", "ProtectControlGroups": "no", "ProtectHome": "no", "ProtectKernelModules": "no", "ProtectKernelTunables": "no", "ProtectSystem": "no", "RefuseManualStart": "no", "RefuseManualStop": "no", "RemainAfterExit": "no", "RemoveIPC": "no", "Requires": "dbus.socket sysinit.target system.slice", "Restart": "no", "RestartUSec": "100ms", "RestrictNamespaces": "no", "RestrictRealtime": "no", "Result": "success", "RootDirectoryStartOnly": "no", "RuntimeDirectoryMode": "0755", "RuntimeDirectoryPreserve": "no", "RuntimeMaxUSec": "infinity", "SameProcessGroup": "no", "SecureBits": "0", "SendSIGHUP": "no", "SendSIGKILL": "yes", "Slice": "system.slice", "StandardError": "null", "StandardInput": "null", "StandardInputData": "", "StandardOutput": "null", "StartLimitAction": "none", "StartLimitBurst": "5", "StartLimitIntervalUSec": "10s", "StartupBlockIOWeight": "[not set]", "StartupCPUShares": "[not set]", "StartupCPUWeight": "[not set]", "StartupIOWeight": "[not set]", "StateChangeTimestamp": "Tue 2019-11-12 14:15:35 EST", "StateChangeTimestampMonotonic": "155826373992", "StateDirectoryMode": "0755", "StatusErrno": "0", "StopWhenUnneeded": "no", "SubState": "running", "SuccessAction": "none", "SyslogFacility": "3", "SyslogLevel": "6", "SyslogLevelPrefix": "yes", "SyslogPriority": "30", "SystemCallErrorNumber": "0", "TTYReset": "no", "TTYVHangup": "no", "TTYVTDisallocate": "no", "TasksAccounting": "yes", "TasksCurrent": "2", "TasksMax": "11513", "TimeoutStartUSec": "1min 30s", "TimeoutStopUSec": "1min 30s", "TimerSlackNSec": "50000", "Transient": "no", "Type": "dbus", "UID": "[not set]", "UMask": "0022", "UnitFilePreset": "enabled", "UnitFileState": "enabled", "UtmpMode": "init", "WantedBy": "multi-user.target", "Wants": "network-pre.target", "WatchdogTimestamp": "Tue 2019-11-12 14:15:35 EST", "WatchdogTimestampMonotonic": "155826373989", "WatchdogUSec": "0"}}
2019-11-13 11:46:57,657 p=23117 u=holms |  changed: [an-suse] => {"changed": true, "name": "firewalld", "state": "started", "status": {"ActiveEnterTimestamp": "Tue 2019-11-12 21:15:25 EET", "ActiveEnterTimestampMonotonic": "155088405713", "ActiveExitTimestamp": "Tue 2019-11-12 21:15:23 EET", "ActiveExitTimestampMonotonic": "155086076697", "ActiveState": "active", "After": "dbus.socket system.slice polkit.service sysinit.target basic.target dbus.service", "AllowIsolate": "no", "AmbientCapabilities": "0", "AssertResult": "yes", "AssertTimestamp": "Tue 2019-11-12 21:15:25 EET", "AssertTimestampMonotonic": "155087675307", "Before": "multi-user.target shutdown.target network-pre.target", "BlockIOAccounting": "no", "BlockIOWeight": "18446744073709551615", "BusName": "org.fedoraproject.FirewallD1", "CPUAccounting": "no", "CPUQuotaPerSecUSec": "infinity", "CPUSchedulingPolicy": "0", "CPUSchedulingPriority": "0", "CPUSchedulingResetOnFork": "no", "CPUShares": "18446744073709551615", "CPUUsageNSec": "18446744073709551615", "CPUWeight": "18446744073709551615", "CanIsolate": "no", "CanReload": "yes", "CanStart": "yes", "CanStop": "yes", "CapabilityBoundingSet": "18446744073709551615", "ConditionResult": "yes", "ConditionTimestamp": "Tue 2019-11-12 21:15:25 EET", "ConditionTimestampMonotonic": "155087675306", "Conflicts": "iptables.service ebtables.service shutdown.target ipset.service ip6tables.service", "ControlGroup": "/system.slice/firewalld.service", "ControlPID": "0", "DefaultDependencies": "yes", "Delegate": "no", "Description": "firewalld - dynamic firewall daemon", "DevicePolicy": "auto", "Documentation": "man:firewalld(1)", "DynamicUser": "no", "EnvironmentFile": "/etc/sysconfig/firewalld (ignore_errors=yes)", "ExecMainCode": "0", "ExecMainExitTimestampMonotonic": "0", "ExecMainPID": "26644", "ExecMainStartTimestamp": "Tue 2019-11-12 21:15:25 EET", "ExecMainStartTimestampMonotonic": "155087680518", "ExecMainStatus": "0", "ExecReload": "{ path=/bin/kill ; argv[]=/bin/kill -HUP $MAINPID ; ignore_errors=no ; start_time=[n/a] ; stop_time=[n/a] ; pid=0 ; code=(null) ; status=0/0 }", "ExecStart": "{ path=/usr/sbin/firewalld ; argv[]=/usr/sbin/firewalld --nofork --nopid $FIREWALLD_ARGS ; ignore_errors=no ; start_time=[Tue 2019-11-12 21:15:25 EET] ; stop_time=[n/a] ; pid=26644 ; code=(null) ; status=0/0 }", "FailureAction": "none", "FileDescriptorStoreMax": "0", "FragmentPath": "/usr/lib/systemd/system/firewalld.service", "GID": "4294967295", "GuessMainPID": "yes", "IOAccounting": "no", "IOSchedulingClass": "0", "IOSchedulingPriority": "0", "IOWeight": "18446744073709551615", "Id": "firewalld.service", "IgnoreOnIsolate": "no", "IgnoreSIGPIPE": "yes", "InactiveEnterTimestamp": "Tue 2019-11-12 21:15:25 EET", "InactiveEnterTimestampMonotonic": "155087673875", "InactiveExitTimestamp": "Tue 2019-11-12 21:15:25 EET", "InactiveExitTimestampMonotonic": "155087680625", "InvocationID": "d0ea01184df0459db67eca6e8313ec8e", "JobRunningTimeoutUSec": "infinity", "JobTimeoutAction": "none", "JobTimeoutUSec": "infinity", "KillMode": "mixed", "KillSignal": "15", "LimitAS": "18446744073709551615", "LimitASSoft": "18446744073709551615", "LimitCORE": "18446744073709551615", "LimitCORESoft": "18446744073709551615", "LimitCPU": "18446744073709551615", "LimitCPUSoft": "18446744073709551615", "LimitDATA": "18446744073709551615", "LimitDATASoft": "18446744073709551615", "LimitFSIZE": "18446744073709551615", "LimitFSIZESoft": "18446744073709551615", "LimitLOCKS": "18446744073709551615", "LimitLOCKSSoft": "18446744073709551615", "LimitMEMLOCK": "65536", "LimitMEMLOCKSoft": "65536", "LimitMSGQUEUE": "819200", "LimitMSGQUEUESoft": "819200", "LimitNICE": "0", "LimitNICESoft": "0", "LimitNOFILE": "4096", "LimitNOFILESoft": "1024", "LimitNPROC": "7800", "LimitNPROCSoft": "7800", "LimitRSS": "18446744073709551615", "LimitRSSSoft": "18446744073709551615", "LimitRTPRIO": "0", "LimitRTPRIOSoft": "0", "LimitRTTIME": "18446744073709551615", "LimitRTTIMESoft": "18446744073709551615", "LimitSIGPENDING": "7800", "LimitSIGPENDINGSoft": "7800", "LimitSTACK": "18446744073709551615", "LimitSTACKSoft": "8388608", "LoadState": "loaded", "MainPID": "26644", "MemoryAccounting": "no", "MemoryCurrent": "18446744073709551615", "MemoryDenyWriteExecute": "no", "MemoryHigh": "18446744073709551615", "MemoryLimit": "18446744073709551615", "MemoryLow": "0", "MemoryMax": "18446744073709551615", "MemorySwapMax": "18446744073709551615", "MountAPIVFS": "no", "MountFlags": "0", "NFileDescriptorStore": "0", "Names": "firewalld.service", "NeedDaemonReload": "no", "Nice": "0", "NoNewPrivileges": "no", "NonBlocking": "no", "NotifyAccess": "none", "OOMScoreAdjust": "0", "OnFailureJobMode": "replace", "PermissionsStartOnly": "no", "Perpetual": "no", "PrivateDevices": "no", "PrivateNetwork": "no", "PrivateTmp": "no", "PrivateUsers": "no", "ProtectControlGroups": "no", "ProtectHome": "no", "ProtectKernelModules": "no", "ProtectKernelTunables": "no", "ProtectSystem": "no", "RefuseManualStart": "no", "RefuseManualStop": "no", "RemainAfterExit": "no", "RemoveIPC": "no", "Requires": "system.slice dbus.socket sysinit.target", "Restart": "no", "RestartUSec": "100ms", "RestrictNamespaces": "no", "RestrictRealtime": "no", "RestrictSUIDSGID": "no", "Result": "success", "RootDirectoryStartOnly": "no", "RuntimeDirectoryMode": "0755", "RuntimeMaxUSec": "infinity", "SameProcessGroup": "no", "SecureBits": "0", "SendSIGHUP": "no", "SendSIGKILL": "yes", "Slice": "system.slice", "StandardError": "null", "StandardInput": "null", "StandardOutput": "null", "StartLimitAction": "none", "StartLimitBurst": "5", "StartLimitIntervalSec": "10000000", "StartupBlockIOWeight": "18446744073709551615", "StartupCPUShares": "18446744073709551615", "StartupCPUWeight": "18446744073709551615", "StartupIOWeight": "18446744073709551615", "StateChangeTimestamp": "Tue 2019-11-12 21:15:25 EET", "StateChangeTimestampMonotonic": "155088405713", "StatusErrno": "0", "StopWhenUnneeded": "no", "SubState": "running", "SyslogFacility": "3", "SyslogLevel": "6", "SyslogLevelPrefix": "yes", "SyslogPriority": "30", "SystemCallErrorNumber": "0", "TTYReset": "no", "TTYVHangup": "no", "TTYVTDisallocate": "no", "TasksAccounting": "yes", "TasksCurrent": "2", "TasksMax": "4915", "TimeoutStartUSec": "1min 30s", "TimeoutStopUSec": "1min 30s", "TimerSlackNSec": "50000", "Transient": "no", "Type": "dbus", "UID": "4294967295", "UMask": "0022", "UnitFilePreset": "disabled", "UnitFileState": "enabled", "UtmpMode": "init", "WantedBy": "multi-user.target", "Wants": "network-pre.target", "WatchdogTimestamp": "Tue 2019-11-12 21:15:25 EET", "WatchdogTimestampMonotonic": "155088405710", "WatchdogUSec": "0"}}
2019-11-13 11:46:57,658 p=23117 u=holms |  META: ran handlers
2019-11-13 11:46:57,658 p=23117 u=holms |  META: ran handlers
2019-11-13 11:46:57,659 p=23117 u=holms |  PLAY RECAP **********************************************************************************************
2019-11-13 11:46:57,659 p=23117 u=holms |  an-cent                    : ok=5    changed=1    unreachable=0    failed=0    skipped=0    rescued=0    ignored=0   
2019-11-13 11:46:57,659 p=23117 u=holms |  an-fed                     : ok=5    changed=1    unreachable=0    failed=0    skipped=0    rescued=0    ignored=0   
2019-11-13 11:46:57,660 p=23117 u=holms |  an-suse                    : ok=5    changed=1    unreachable=0    failed=0    skipped=0    rescued=0    ignored=0   
2019-11-13 11:47:07,311 p=23352 u=holms |  ansible-playbook 2.8.6
  config file = /home/holms/projects/ansible-edu/ansible.cfg
  configured module search path = ['/home/holms/.ansible/plugins/modules', '/usr/share/ansible/plugins/modules']
  ansible python module location = /usr/lib/python3.6/site-packages/ansible
  executable location = /usr/bin/ansible-playbook
  python version = 3.6.8 (default, Oct 11 2019, 15:04:54) [GCC 8.3.1 20190507 (Red Hat 8.3.1-4)]
2019-11-13 11:47:07,311 p=23352 u=holms |  Using /home/holms/projects/ansible-edu/ansible.cfg as config file
2019-11-13 11:47:07,651 p=23352 u=holms |  PLAYBOOK: 04-initial-config-nginx.yml *******************************************************************
2019-11-13 11:47:07,651 p=23352 u=holms |  1 plays in 04-initial-config-nginx.yml
2019-11-13 11:47:07,675 p=23352 u=holms |  PLAY [webservers] ***************************************************************************************
2019-11-13 11:47:07,684 p=23352 u=holms |  TASK [Gathering Facts] **********************************************************************************
2019-11-13 11:47:07,684 p=23352 u=holms |  task path: /home/holms/projects/ansible-edu/04-initial-config-nginx.yml:2
2019-11-13 11:47:10,454 p=23352 u=holms |  ok: [an-fed]
2019-11-13 11:47:11,160 p=23352 u=holms |  ok: [an-suse]
2019-11-13 11:47:11,183 p=23352 u=holms |  ok: [an-cent]
2019-11-13 11:47:11,184 p=23352 u=holms |  META: ran handlers
2019-11-13 11:47:11,206 p=23352 u=holms |  TASK [set start page on RHEL-bases distros] *************************************************************
2019-11-13 11:47:11,206 p=23352 u=holms |  task path: /home/holms/projects/ansible-edu/04-initial-config-nginx.yml:5
2019-11-13 11:47:11,259 p=23352 u=holms |  skipping: [an-suse] => {"changed": false, "skip_reason": "Conditional result was False"}
2019-11-13 11:47:14,274 p=23352 u=holms |  ok: [an-cent] => {"changed": false, "checksum": "6ed8cf045c2d0d8a6e6fd5ba0f9781ca97167e01", "dest": "/usr/share/nginx/html/index.html", "gid": 0, "group": "root", "mode": "0644", "owner": "root", "path": "/usr/share/nginx/html/index.html", "secontext": "system_u:object_r:httpd_sys_content_t:s0", "size": 141, "state": "file", "uid": 0}
2019-11-13 11:47:14,509 p=23352 u=holms |  ok: [an-fed] => {"changed": false, "checksum": "5cf869d92da6eb50a38f8529c61838c08f26c4a8", "dest": "/usr/share/nginx/html/index.html", "gid": 0, "group": "root", "mode": "0644", "owner": "root", "path": "/usr/share/nginx/html/index.html", "secontext": "unconfined_u:object_r:httpd_sys_content_t:s0", "size": 140, "state": "file", "uid": 0}
2019-11-13 11:47:14,530 p=23352 u=holms |  TASK [set start page on SUSE-bases distros] *************************************************************
2019-11-13 11:47:14,530 p=23352 u=holms |  task path: /home/holms/projects/ansible-edu/04-initial-config-nginx.yml:12
2019-11-13 11:47:14,558 p=23352 u=holms |  skipping: [an-cent] => {"changed": false, "skip_reason": "Conditional result was False"}
2019-11-13 11:47:14,594 p=23352 u=holms |  skipping: [an-fed] => {"changed": false, "skip_reason": "Conditional result was False"}
2019-11-13 11:47:18,071 p=23352 u=holms |  ok: [an-suse] => {"changed": false, "checksum": "af1a818b9c4ff1c4cc0427741137db0ad763aaff", "dest": "/srv/www/htdocs/index.html", "gid": 0, "group": "root", "mode": "0644", "owner": "root", "path": "/srv/www/htdocs/index.html", "size": 146, "state": "file", "uid": 0}
2019-11-13 11:47:18,072 p=23352 u=holms |  META: ran handlers
2019-11-13 11:47:18,073 p=23352 u=holms |  META: ran handlers
2019-11-13 11:47:18,074 p=23352 u=holms |  PLAY RECAP **********************************************************************************************
2019-11-13 11:47:18,074 p=23352 u=holms |  an-cent                    : ok=2    changed=0    unreachable=0    failed=0    skipped=1    rescued=0    ignored=0   
2019-11-13 11:47:18,074 p=23352 u=holms |  an-fed                     : ok=2    changed=0    unreachable=0    failed=0    skipped=1    rescued=0    ignored=0   
2019-11-13 11:47:18,074 p=23352 u=holms |  an-suse                    : ok=2    changed=0    unreachable=0    failed=0    skipped=1    rescued=0    ignored=0   
2019-11-13 11:47:27,574 p=23531 u=holms |  ansible-playbook 2.8.6
  config file = /home/holms/projects/ansible-edu/ansible.cfg
  configured module search path = ['/home/holms/.ansible/plugins/modules', '/usr/share/ansible/plugins/modules']
  ansible python module location = /usr/lib/python3.6/site-packages/ansible
  executable location = /usr/bin/ansible-playbook
  python version = 3.6.8 (default, Oct 11 2019, 15:04:54) [GCC 8.3.1 20190507 (Red Hat 8.3.1-4)]
2019-11-13 11:47:27,575 p=23531 u=holms |  Using /home/holms/projects/ansible-edu/ansible.cfg as config file
2019-11-13 11:47:27,914 p=23531 u=holms |  PLAYBOOK: 20-install-soft.yml ***************************************************************************
2019-11-13 11:47:27,914 p=23531 u=holms |  1 plays in 20-install-soft.yml
2019-11-13 11:47:27,936 p=23531 u=holms |  PLAY [client] *******************************************************************************************
2019-11-13 11:47:27,945 p=23531 u=holms |  TASK [Gathering Facts] **********************************************************************************
2019-11-13 11:47:27,945 p=23531 u=holms |  task path: /home/holms/projects/ansible-edu/20-install-soft.yml:3
2019-11-13 11:47:30,625 p=23531 u=holms |  ok: [an-deb]
2019-11-13 11:47:31,451 p=23531 u=holms |  ok: [an-fed]
2019-11-13 11:47:33,208 p=23531 u=holms |  ok: [an-ubnt]
2019-11-13 11:47:33,209 p=23531 u=holms |  META: ran handlers
2019-11-13 11:47:33,227 p=23531 u=holms |  TASK [install archivers] ********************************************************************************
2019-11-13 11:47:33,227 p=23531 u=holms |  task path: /home/holms/projects/ansible-edu/20-install-soft.yml:8
2019-11-13 11:47:35,137 p=23531 u=holms |  ok: [an-deb] => (item=zip) => {"ansible_loop_var": "item", "cache_update_time": 1573564945, "cache_updated": false, "changed": false, "item": "zip", "warnings": ["Could not find aptitude. Using apt-get instead"]}
2019-11-13 11:47:37,431 p=23531 u=holms |  ok: [an-ubnt] => (item=zip) => {"ansible_loop_var": "item", "cache_update_time": 1573530466, "cache_updated": false, "changed": false, "item": "zip", "warnings": ["Could not find aptitude. Using apt-get instead"]}
2019-11-13 11:47:42,103 p=23531 u=holms |  changed: [an-deb] => (item=unzip) => {"ansible_loop_var": "item", "cache_update_time": 1573564945, "cache_updated": false, "changed": true, "item": "unzip", "stderr": "", "stderr_lines": [], "stdout": "Reading package lists...\nBuilding dependency tree...\nReading state information...\nThe following NEW packages will be installed:\n  unzip\n0 upgraded, 1 newly installed, 0 to remove and 0 not upgraded.\nNeed to get 0 B/172 kB of archives.\nAfter this operation, 580 kB of additional disk space will be used.\nSelecting previously unselected package unzip.\r\n(Reading database ... \r(Reading database ... 5%\r(Reading database ... 10%\r(Reading database ... 15%\r(Reading database ... 20%\r(Reading database ... 25%\r(Reading database ... 30%\r(Reading database ... 35%\r(Reading database ... 40%\r(Reading database ... 45%\r(Reading database ... 50%\r(Reading database ... 55%\r(Reading database ... 60%\r(Reading database ... 65%\r(Reading database ... 70%\r(Reading database ... 75%\r(Reading database ... 80%\r(Reading database ... 85%\r(Reading database ... 90%\r(Reading database ... 95%\r(Reading database ... 100%\r(Reading database ... 27887 files and directories currently installed.)\r\nPreparing to unpack .../unzip_6.0-23+deb10u1_amd64.deb ...\r\nUnpacking unzip (6.0-23+deb10u1) ...\r\nSetting up unzip (6.0-23+deb10u1) ...\r\nProcessing triggers for mime-support (3.62) ...\r\nProcessing triggers for man-db (2.8.5-2) ...\r\n", "stdout_lines": ["Reading package lists...", "Building dependency tree...", "Reading state information...", "The following NEW packages will be installed:", "  unzip", "0 upgraded, 1 newly installed, 0 to remove and 0 not upgraded.", "Need to get 0 B/172 kB of archives.", "After this operation, 580 kB of additional disk space will be used.", "Selecting previously unselected package unzip.", "(Reading database ... ", "(Reading database ... 5%", "(Reading database ... 10%", "(Reading database ... 15%", "(Reading database ... 20%", "(Reading database ... 25%", "(Reading database ... 30%", "(Reading database ... 35%", "(Reading database ... 40%", "(Reading database ... 45%", "(Reading database ... 50%", "(Reading database ... 55%", "(Reading database ... 60%", "(Reading database ... 65%", "(Reading database ... 70%", "(Reading database ... 75%", "(Reading database ... 80%", "(Reading database ... 85%", "(Reading database ... 90%", "(Reading database ... 95%", "(Reading database ... 100%", "(Reading database ... 27887 files and directories currently installed.)", "Preparing to unpack .../unzip_6.0-23+deb10u1_amd64.deb ...", "Unpacking unzip (6.0-23+deb10u1) ...", "Setting up unzip (6.0-23+deb10u1) ...", "Processing triggers for mime-support (3.62) ...", "Processing triggers for man-db (2.8.5-2) ..."], "warnings": ["Could not find aptitude. Using apt-get instead"]}
2019-11-13 11:47:44,059 p=23531 u=holms |  ok: [an-deb] => (item=gzip) => {"ansible_loop_var": "item", "cache_update_time": 1573564945, "cache_updated": false, "changed": false, "item": "gzip", "warnings": ["Could not find aptitude. Using apt-get instead"]}
2019-11-13 11:47:49,409 p=23531 u=holms |  changed: [an-fed] => (item=zip) => {"ansible_loop_var": "item", "changed": true, "item": "zip", "msg": "", "rc": 0, "results": ["Installed: zip", "Installed: unzip-6.0-44.fc31.x86_64", "Installed: zip-3.0-25.fc31.x86_64"]}
2019-11-13 11:47:49,696 p=23531 u=holms |  changed: [an-deb] => (item=nano) => {"ansible_loop_var": "item", "cache_update_time": 1573564945, "cache_updated": false, "changed": true, "item": "nano", "stderr": "", "stderr_lines": [], "stdout": "Reading package lists...\nBuilding dependency tree...\nReading state information...\nSuggested packages:\n  spell\nThe following NEW packages will be installed:\n  nano\n0 upgraded, 1 newly installed, 0 to remove and 0 not upgraded.\nNeed to get 0 B/544 kB of archives.\nAfter this operation, 2269 kB of additional disk space will be used.\nSelecting previously unselected package nano.\r\n(Reading database ... \r(Reading database ... 5%\r(Reading database ... 10%\r(Reading database ... 15%\r(Reading database ... 20%\r(Reading database ... 25%\r(Reading database ... 30%\r(Reading database ... 35%\r(Reading database ... 40%\r(Reading database ... 45%\r(Reading database ... 50%\r(Reading database ... 55%\r(Reading database ... 60%\r(Reading database ... 65%\r(Reading database ... 70%\r(Reading database ... 75%\r(Reading database ... 80%\r(Reading database ... 85%\r(Reading database ... 90%\r(Reading database ... 95%\r(Reading database ... 100%\r(Reading database ... 27905 files and directories currently installed.)\r\nPreparing to unpack .../archives/nano_3.2-3_amd64.deb ...\r\nUnpacking nano (3.2-3) ...\r\nSetting up nano (3.2-3) ...\r\nupdate-alternatives: using /bin/nano to provide /usr/bin/editor (editor) in auto mode\r\nupdate-alternatives: using /bin/nano to provide /usr/bin/pico (pico) in auto mode\r\nProcessing triggers for man-db (2.8.5-2) ...\r\n", "stdout_lines": ["Reading package lists...", "Building dependency tree...", "Reading state information...", "Suggested packages:", "  spell", "The following NEW packages will be installed:", "  nano", "0 upgraded, 1 newly installed, 0 to remove and 0 not upgraded.", "Need to get 0 B/544 kB of archives.", "After this operation, 2269 kB of additional disk space will be used.", "Selecting previously unselected package nano.", "(Reading database ... ", "(Reading database ... 5%", "(Reading database ... 10%", "(Reading database ... 15%", "(Reading database ... 20%", "(Reading database ... 25%", "(Reading database ... 30%", "(Reading database ... 35%", "(Reading database ... 40%", "(Reading database ... 45%", "(Reading database ... 50%", "(Reading database ... 55%", "(Reading database ... 60%", "(Reading database ... 65%", "(Reading database ... 70%", "(Reading database ... 75%", "(Reading database ... 80%", "(Reading database ... 85%", "(Reading database ... 90%", "(Reading database ... 95%", "(Reading database ... 100%", "(Reading database ... 27905 files and directories currently installed.)", "Preparing to unpack .../archives/nano_3.2-3_amd64.deb ...", "Unpacking nano (3.2-3) ...", "Setting up nano (3.2-3) ...", "update-alternatives: using /bin/nano to provide /usr/bin/editor (editor) in auto mode", "update-alternatives: using /bin/nano to provide /usr/bin/pico (pico) in auto mode", "Processing triggers for man-db (2.8.5-2) ..."], "warnings": ["Could not find aptitude. Using apt-get instead"]}
2019-11-13 11:47:49,697 p=23531 u=holms |  [WARNING]: Could not find aptitude. Using apt-get instead

2019-11-13 11:47:50,377 p=23531 u=holms |  changed: [an-ubnt] => (item=unzip) => {"ansible_loop_var": "item", "cache_update_time": 1573530466, "cache_updated": false, "changed": true, "item": "unzip", "stderr": "", "stderr_lines": [], "stdout": "Reading package lists...\nBuilding dependency tree...\nReading state information...\nThe following NEW packages will be installed:\n  unzip\n0 upgraded, 1 newly installed, 0 to remove and 6 not upgraded.\nNeed to get 0 B/169 kB of archives.\nAfter this operation, 593 kB of additional disk space will be used.\nSelecting previously unselected package unzip.\r\n(Reading database ... \r(Reading database ... 5%\r(Reading database ... 10%\r(Reading database ... 15%\r(Reading database ... 20%\r(Reading database ... 25%\r(Reading database ... 30%\r(Reading database ... 35%\r(Reading database ... 40%\r(Reading database ... 45%\r(Reading database ... 50%\r(Reading database ... 55%\r(Reading database ... 60%\r(Reading database ... 65%\r(Reading database ... 70%\r(Reading database ... 75%\r(Reading database ... 80%\r(Reading database ... 85%\r(Reading database ... 90%\r(Reading database ... 95%\r(Reading database ... 100%\r(Reading database ... 69341 files and directories currently installed.)\r\nPreparing to unpack .../unzip_6.0-25ubuntu1_amd64.deb ...\r\nUnpacking unzip (6.0-25ubuntu1) ...\r\nSetting up unzip (6.0-25ubuntu1) ...\r\nUse of uninitialized value $ARGV[0] in string ne at /usr/sbin/update-mime line 43.\r\nProcessing triggers for mime-support (3.63ubuntu1) ...\r\nProcessing triggers for man-db (2.8.7-3) ...\r\n", "stdout_lines": ["Reading package lists...", "Building dependency tree...", "Reading state information...", "The following NEW packages will be installed:", "  unzip", "0 upgraded, 1 newly installed, 0 to remove and 6 not upgraded.", "Need to get 0 B/169 kB of archives.", "After this operation, 593 kB of additional disk space will be used.", "Selecting previously unselected package unzip.", "(Reading database ... ", "(Reading database ... 5%", "(Reading database ... 10%", "(Reading database ... 15%", "(Reading database ... 20%", "(Reading database ... 25%", "(Reading database ... 30%", "(Reading database ... 35%", "(Reading database ... 40%", "(Reading database ... 45%", "(Reading database ... 50%", "(Reading database ... 55%", "(Reading database ... 60%", "(Reading database ... 65%", "(Reading database ... 70%", "(Reading database ... 75%", "(Reading database ... 80%", "(Reading database ... 85%", "(Reading database ... 90%", "(Reading database ... 95%", "(Reading database ... 100%", "(Reading database ... 69341 files and directories currently installed.)", "Preparing to unpack .../unzip_6.0-25ubuntu1_amd64.deb ...", "Unpacking unzip (6.0-25ubuntu1) ...", "Setting up unzip (6.0-25ubuntu1) ...", "Use of uninitialized value $ARGV[0] in string ne at /usr/sbin/update-mime line 43.", "Processing triggers for mime-support (3.63ubuntu1) ...", "Processing triggers for man-db (2.8.7-3) ..."], "warnings": ["Could not find aptitude. Using apt-get instead"]}
2019-11-13 11:47:52,831 p=23531 u=holms |  ok: [an-ubnt] => (item=gzip) => {"ansible_loop_var": "item", "cache_update_time": 1573530466, "cache_updated": false, "changed": false, "item": "gzip", "warnings": ["Could not find aptitude. Using apt-get instead"]}
2019-11-13 11:48:01,268 p=23531 u=holms |  ok: [an-fed] => (item=unzip) => {"ansible_loop_var": "item", "changed": false, "item": "unzip", "msg": "Nothing to do", "rc": 0, "results": ["Installed: unzip"]}
2019-11-13 11:48:05,733 p=23531 u=holms |  changed: [an-ubnt] => (item=nano) => {"ansible_loop_var": "item", "cache_update_time": 1573530466, "cache_updated": false, "changed": true, "item": "nano", "stderr": "", "stderr_lines": [], "stdout": "Reading package lists...\nBuilding dependency tree...\nReading state information...\nSuggested packages:\n  spell\nThe following NEW packages will be installed:\n  nano\n0 upgraded, 1 newly installed, 0 to remove and 6 not upgraded.\nNeed to get 0 B/271 kB of archives.\nAfter this operation, 860 kB of additional disk space will be used.\nSelecting previously unselected package nano.\r\n(Reading database ... \r(Reading database ... 5%\r(Reading database ... 10%\r(Reading database ... 15%\r(Reading database ... 20%\r(Reading database ... 25%\r(Reading database ... 30%\r(Reading database ... 35%\r(Reading database ... 40%\r(Reading database ... 45%\r(Reading database ... 50%\r(Reading database ... 55%\r(Reading database ... 60%\r(Reading database ... 65%\r(Reading database ... 70%\r(Reading database ... 75%\r(Reading database ... 80%\r(Reading database ... 85%\r(Reading database ... 90%\r(Reading database ... 95%\r(Reading database ... 100%\r(Reading database ... 69359 files and directories currently installed.)\r\nPreparing to unpack .../archives/nano_4.3-1_amd64.deb ...\r\nUnpacking nano (4.3-1) ...\r\nSetting up nano (4.3-1) ...\r\nupdate-alternatives: using /bin/nano to provide /usr/bin/editor (editor) in auto mode\r\nupdate-alternatives: using /bin/nano to provide /usr/bin/pico (pico) in auto mode\r\nProcessing triggers for man-db (2.8.7-3) ...\r\nProcessing triggers for install-info (6.6.0.dfsg.1-2ubuntu2) ...\r\n", "stdout_lines": ["Reading package lists...", "Building dependency tree...", "Reading state information...", "Suggested packages:", "  spell", "The following NEW packages will be installed:", "  nano", "0 upgraded, 1 newly installed, 0 to remove and 6 not upgraded.", "Need to get 0 B/271 kB of archives.", "After this operation, 860 kB of additional disk space will be used.", "Selecting previously unselected package nano.", "(Reading database ... ", "(Reading database ... 5%", "(Reading database ... 10%", "(Reading database ... 15%", "(Reading database ... 20%", "(Reading database ... 25%", "(Reading database ... 30%", "(Reading database ... 35%", "(Reading database ... 40%", "(Reading database ... 45%", "(Reading database ... 50%", "(Reading database ... 55%", "(Reading database ... 60%", "(Reading database ... 65%", "(Reading database ... 70%", "(Reading database ... 75%", "(Reading database ... 80%", "(Reading database ... 85%", "(Reading database ... 90%", "(Reading database ... 95%", "(Reading database ... 100%", "(Reading database ... 69359 files and directories currently installed.)", "Preparing to unpack .../archives/nano_4.3-1_amd64.deb ...", "Unpacking nano (4.3-1) ...", "Setting up nano (4.3-1) ...", "update-alternatives: using /bin/nano to provide /usr/bin/editor (editor) in auto mode", "update-alternatives: using /bin/nano to provide /usr/bin/pico (pico) in auto mode", "Processing triggers for man-db (2.8.7-3) ...", "Processing triggers for install-info (6.6.0.dfsg.1-2ubuntu2) ..."], "warnings": ["Could not find aptitude. Using apt-get instead"]}
2019-11-13 11:48:11,898 p=23531 u=holms |  ok: [an-fed] => (item=gzip) => {"ansible_loop_var": "item", "changed": false, "item": "gzip", "msg": "Nothing to do", "rc": 0, "results": ["Installed: gzip"]}
2019-11-13 11:48:24,838 p=23531 u=holms |  changed: [an-fed] => (item=nano) => {"ansible_loop_var": "item", "changed": true, "item": "nano", "msg": "", "rc": 0, "results": ["Installed: nano", "Installed: nano-4.3-2.fc31.x86_64"]}
2019-11-13 11:48:24,857 p=23531 u=holms |  TASK [remove unzip and nano] ****************************************************************************
2019-11-13 11:48:24,857 p=23531 u=holms |  task path: /home/holms/projects/ansible-edu/20-install-soft.yml:18
2019-11-13 11:48:29,132 p=23531 u=holms |  changed: [an-deb] => (item=unzip) => {"ansible_loop_var": "item", "changed": true, "item": "unzip", "stderr": "", "stderr_lines": [], "stdout": "Reading package lists...\nBuilding dependency tree...\nReading state information...\nThe following packages will be REMOVED:\n  unzip\n0 upgraded, 0 newly installed, 1 to remove and 0 not upgraded.\nAfter this operation, 580 kB disk space will be freed.\n(Reading database ... \r(Reading database ... 5%\r(Reading database ... 10%\r(Reading database ... 15%\r(Reading database ... 20%\r(Reading database ... 25%\r(Reading database ... 30%\r(Reading database ... 35%\r(Reading database ... 40%\r(Reading database ... 45%\r(Reading database ... 50%\r(Reading database ... 55%\r(Reading database ... 60%\r(Reading database ... 65%\r(Reading database ... 70%\r(Reading database ... 75%\r(Reading database ... 80%\r(Reading database ... 85%\r(Reading database ... 90%\r(Reading database ... 95%\r(Reading database ... 100%\r(Reading database ... 28006 files and directories currently installed.)\r\nRemoving unzip (6.0-23+deb10u1) ...\r\nProcessing triggers for man-db (2.8.5-2) ...\r\nProcessing triggers for mime-support (3.62) ...\r\n", "stdout_lines": ["Reading package lists...", "Building dependency tree...", "Reading state information...", "The following packages will be REMOVED:", "  unzip", "0 upgraded, 0 newly installed, 1 to remove and 0 not upgraded.", "After this operation, 580 kB disk space will be freed.", "(Reading database ... ", "(Reading database ... 5%", "(Reading database ... 10%", "(Reading database ... 15%", "(Reading database ... 20%", "(Reading database ... 25%", "(Reading database ... 30%", "(Reading database ... 35%", "(Reading database ... 40%", "(Reading database ... 45%", "(Reading database ... 50%", "(Reading database ... 55%", "(Reading database ... 60%", "(Reading database ... 65%", "(Reading database ... 70%", "(Reading database ... 75%", "(Reading database ... 80%", "(Reading database ... 85%", "(Reading database ... 90%", "(Reading database ... 95%", "(Reading database ... 100%", "(Reading database ... 28006 files and directories currently installed.)", "Removing unzip (6.0-23+deb10u1) ...", "Processing triggers for man-db (2.8.5-2) ...", "Processing triggers for mime-support (3.62) ..."], "warnings": ["Could not find aptitude. Using apt-get instead"]}
2019-11-13 11:48:33,871 p=23531 u=holms |  changed: [an-deb] => (item=nano) => {"ansible_loop_var": "item", "changed": true, "item": "nano", "stderr": "", "stderr_lines": [], "stdout": "Reading package lists...\nBuilding dependency tree...\nReading state information...\nThe following packages will be REMOVED:\n  nano\n0 upgraded, 0 newly installed, 1 to remove and 0 not upgraded.\nAfter this operation, 2269 kB disk space will be freed.\n(Reading database ... \r(Reading database ... 5%\r(Reading database ... 10%\r(Reading database ... 15%\r(Reading database ... 20%\r(Reading database ... 25%\r(Reading database ... 30%\r(Reading database ... 35%\r(Reading database ... 40%\r(Reading database ... 45%\r(Reading database ... 50%\r(Reading database ... 55%\r(Reading database ... 60%\r(Reading database ... 65%\r(Reading database ... 70%\r(Reading database ... 75%\r(Reading database ... 80%\r(Reading database ... 85%\r(Reading database ... 90%\r(Reading database ... 95%\r(Reading database ... 100%\r(Reading database ... 27988 files and directories currently installed.)\r\nRemoving nano (3.2-3) ...\r\nupdate-alternatives: using /usr/bin/vim.tiny to provide /usr/bin/editor (editor) in auto mode\r\nProcessing triggers for man-db (2.8.5-2) ...\r\n", "stdout_lines": ["Reading package lists...", "Building dependency tree...", "Reading state information...", "The following packages will be REMOVED:", "  nano", "0 upgraded, 0 newly installed, 1 to remove and 0 not upgraded.", "After this operation, 2269 kB disk space will be freed.", "(Reading database ... ", "(Reading database ... 5%", "(Reading database ... 10%", "(Reading database ... 15%", "(Reading database ... 20%", "(Reading database ... 25%", "(Reading database ... 30%", "(Reading database ... 35%", "(Reading database ... 40%", "(Reading database ... 45%", "(Reading database ... 50%", "(Reading database ... 55%", "(Reading database ... 60%", "(Reading database ... 65%", "(Reading database ... 70%", "(Reading database ... 75%", "(Reading database ... 80%", "(Reading database ... 85%", "(Reading database ... 90%", "(Reading database ... 95%", "(Reading database ... 100%", "(Reading database ... 27988 files and directories currently installed.)", "Removing nano (3.2-3) ...", "update-alternatives: using /usr/bin/vim.tiny to provide /usr/bin/editor (editor) in auto mode", "Processing triggers for man-db (2.8.5-2) ..."], "warnings": ["Could not find aptitude. Using apt-get instead"]}
2019-11-13 11:48:34,309 p=23531 u=holms |  changed: [an-ubnt] => (item=unzip) => {"ansible_loop_var": "item", "changed": true, "item": "unzip", "stderr": "", "stderr_lines": [], "stdout": "Reading package lists...\nBuilding dependency tree...\nReading state information...\nThe following packages will be REMOVED:\n  unzip\n0 upgraded, 0 newly installed, 1 to remove and 6 not upgraded.\nAfter this operation, 593 kB disk space will be freed.\n(Reading database ... \r(Reading database ... 5%\r(Reading database ... 10%\r(Reading database ... 15%\r(Reading database ... 20%\r(Reading database ... 25%\r(Reading database ... 30%\r(Reading database ... 35%\r(Reading database ... 40%\r(Reading database ... 45%\r(Reading database ... 50%\r(Reading database ... 55%\r(Reading database ... 60%\r(Reading database ... 65%\r(Reading database ... 70%\r(Reading database ... 75%\r(Reading database ... 80%\r(Reading database ... 85%\r(Reading database ... 90%\r(Reading database ... 95%\r(Reading database ... 100%\r(Reading database ... 69425 files and directories currently installed.)\r\nRemoving unzip (6.0-25ubuntu1) ...\r\nUse of uninitialized value $ARGV[0] in string ne at /usr/sbin/update-mime line 43.\r\nProcessing triggers for man-db (2.8.7-3) ...\r\nProcessing triggers for mime-support (3.63ubuntu1) ...\r\n", "stdout_lines": ["Reading package lists...", "Building dependency tree...", "Reading state information...", "The following packages will be REMOVED:", "  unzip", "0 upgraded, 0 newly installed, 1 to remove and 6 not upgraded.", "After this operation, 593 kB disk space will be freed.", "(Reading database ... ", "(Reading database ... 5%", "(Reading database ... 10%", "(Reading database ... 15%", "(Reading database ... 20%", "(Reading database ... 25%", "(Reading database ... 30%", "(Reading database ... 35%", "(Reading database ... 40%", "(Reading database ... 45%", "(Reading database ... 50%", "(Reading database ... 55%", "(Reading database ... 60%", "(Reading database ... 65%", "(Reading database ... 70%", "(Reading database ... 75%", "(Reading database ... 80%", "(Reading database ... 85%", "(Reading database ... 90%", "(Reading database ... 95%", "(Reading database ... 100%", "(Reading database ... 69425 files and directories currently installed.)", "Removing unzip (6.0-25ubuntu1) ...", "Use of uninitialized value $ARGV[0] in string ne at /usr/sbin/update-mime line 43.", "Processing triggers for man-db (2.8.7-3) ...", "Processing triggers for mime-support (3.63ubuntu1) ..."], "warnings": ["Could not find aptitude. Using apt-get instead"]}
2019-11-13 11:48:38,733 p=23531 u=holms |  changed: [an-fed] => (item=unzip) => {"ansible_loop_var": "item", "changed": true, "item": "unzip", "msg": "", "rc": 0, "results": ["Removed: zip-3.0-25.fc31.x86_64", "Removed: unzip-6.0-44.fc31.x86_64"]}
2019-11-13 11:48:44,929 p=23531 u=holms |  changed: [an-ubnt] => (item=nano) => {"ansible_loop_var": "item", "changed": true, "item": "nano", "stderr": "", "stderr_lines": [], "stdout": "Reading package lists...\nBuilding dependency tree...\nReading state information...\nThe following packages will be REMOVED:\n  nano\n0 upgraded, 0 newly installed, 1 to remove and 6 not upgraded.\nAfter this operation, 860 kB disk space will be freed.\n(Reading database ... \r(Reading database ... 5%\r(Reading database ... 10%\r(Reading database ... 15%\r(Reading database ... 20%\r(Reading database ... 25%\r(Reading database ... 30%\r(Reading database ... 35%\r(Reading database ... 40%\r(Reading database ... 45%\r(Reading database ... 50%\r(Reading database ... 55%\r(Reading database ... 60%\r(Reading database ... 65%\r(Reading database ... 70%\r(Reading database ... 75%\r(Reading database ... 80%\r(Reading database ... 85%\r(Reading database ... 90%\r(Reading database ... 95%\r(Reading database ... 100%\r(Reading database ... 69407 files and directories currently installed.)\r\nRemoving nano (4.3-1) ...\r\nupdate-alternatives: using /usr/bin/vim.basic to provide /usr/bin/editor (editor) in auto mode\r\nProcessing triggers for install-info (6.6.0.dfsg.1-2ubuntu2) ...\r\nProcessing triggers for man-db (2.8.7-3) ...\r\n", "stdout_lines": ["Reading package lists...", "Building dependency tree...", "Reading state information...", "The following packages will be REMOVED:", "  nano", "0 upgraded, 0 newly installed, 1 to remove and 6 not upgraded.", "After this operation, 860 kB disk space will be freed.", "(Reading database ... ", "(Reading database ... 5%", "(Reading database ... 10%", "(Reading database ... 15%", "(Reading database ... 20%", "(Reading database ... 25%", "(Reading database ... 30%", "(Reading database ... 35%", "(Reading database ... 40%", "(Reading database ... 45%", "(Reading database ... 50%", "(Reading database ... 55%", "(Reading database ... 60%", "(Reading database ... 65%", "(Reading database ... 70%", "(Reading database ... 75%", "(Reading database ... 80%", "(Reading database ... 85%", "(Reading database ... 90%", "(Reading database ... 95%", "(Reading database ... 100%", "(Reading database ... 69407 files and directories currently installed.)", "Removing nano (4.3-1) ...", "update-alternatives: using /usr/bin/vim.basic to provide /usr/bin/editor (editor) in auto mode", "Processing triggers for install-info (6.6.0.dfsg.1-2ubuntu2) ...", "Processing triggers for man-db (2.8.7-3) ..."], "warnings": ["Could not find aptitude. Using apt-get instead"]}
2019-11-13 11:48:52,282 p=23531 u=holms |  changed: [an-fed] => (item=nano) => {"ansible_loop_var": "item", "changed": true, "item": "nano", "msg": "", "rc": 0, "results": ["Removed: nano-4.3-2.fc31.x86_64"]}
2019-11-13 11:48:52,283 p=23531 u=holms |  META: ran handlers
2019-11-13 11:48:52,284 p=23531 u=holms |  META: ran handlers
2019-11-13 11:48:52,285 p=23531 u=holms |  PLAY RECAP **********************************************************************************************
2019-11-13 11:48:52,285 p=23531 u=holms |  an-deb                     : ok=3    changed=2    unreachable=0    failed=0    skipped=0    rescued=0    ignored=0   
2019-11-13 11:48:52,285 p=23531 u=holms |  an-fed                     : ok=3    changed=2    unreachable=0    failed=0    skipped=0    rescued=0    ignored=0   
2019-11-13 11:48:52,285 p=23531 u=holms |  an-ubnt                    : ok=3    changed=2    unreachable=0    failed=0    skipped=0    rescued=0    ignored=0   
